#
# There is insufficient memory for the Java Runtime Environment to continue.
# Native memory allocation (malloc) failed to allocate 2097152 bytes. Error detail: AllocateHeap
# Possible reasons:
#   The system is out of physical RAM or swap space
#   This process is running with CompressedOops enabled, and the Java Heap may be blocking the growth of the native heap
# Possible solutions:
#   Reduce memory load on the system
#   Increase physical memory or swap space
#   Check if swap backing store is full
#   Decrease Java heap size (-Xmx/-Xms)
#   Decrease number of Java threads
#   Decrease Java thread stack sizes (-Xss)
#   Set larger code cache with -XX:ReservedCodeCacheSize=
#   JVM is running with Unscaled Compressed Oops mode in which the Java heap is
#     placed in the first 4GB address space. The Java Heap base address is the
#     maximum limit for the native heap growth. Please use -XX:HeapBaseMinAddress
#     to set the Java Heap base and to place the Java Heap above 4GB virtual address.
# This output file may be truncated or incomplete.
#
#  Out of Memory Error (allocation.cpp:44), pid=26080, tid=19404
#
# JRE version: OpenJDK Runtime Environment Microsoft-11369940 (21.0.7+6) (build 21.0.7+6-LTS)
# Java VM: OpenJDK 64-Bit Server VM Microsoft-11369940 (21.0.7+6-LTS, mixed mode, emulated-client, sharing, tiered, compressed oops, compressed class ptrs, g1 gc, windows-amd64)
# No core dump will be written. Minidumps are not enabled by default on client versions of Windows
#

---------------  S U M M A R Y ------------

Command Line: -XX:TieredStopAtLevel=1 -Dspring.output.ansi.enabled=always -Dcom.sun.management.jmxremote -Dspring.jmx.enabled=true -Dspring.liveBeansView.mbeanDomain -Dspring.application.admin.enabled=true -Dmanagement.endpoints.jmx.exposure.include=* -javaagent:C:\Program Files\JetBrains\IntelliJ IDEA 2025.1\lib\idea_rt.jar=61859 -Dfile.encoding=UTF-8 -Dsun.stdout.encoding=UTF-8 -Dsun.stderr.encoding=UTF-8 com.example.FabriqBackend.FabriqBackendApplication

Host: AMD Ryzen 5 5500U with Radeon Graphics         , 12 cores, 7G,  Windows 11 , 64 bit Build 26100 (10.0.26100.7623)
Time: Mon Jan 19 03:03:40 2026 Sri Lanka Standard Time elapsed time: 7186.624549 seconds (0d 1h 59m 46s)

---------------  T H R E A D  ---------------

Current thread (0x0000015b490876c0):  VMThread "VM Thread"          [id=19404, stack(0x00000011ec300000,0x00000011ec400000) (1024K)]

Stack: [0x00000011ec300000,0x00000011ec400000]
Native frames: (J=compiled Java code, j=interpreted, Vv=VM code, C=native code)
V  [jvm.dll+0x6d4bb9]
V  [jvm.dll+0x8afa11]
V  [jvm.dll+0x8b1f3e]
V  [jvm.dll+0x8b2623]
V  [jvm.dll+0x280816]
V  [jvm.dll+0xbfdf7]
V  [jvm.dll+0x34c40e]
V  [jvm.dll+0x346d7e]
V  [jvm.dll+0x32f4d8]
V  [jvm.dll+0x3719f4]
V  [jvm.dll+0x8b834f]
V  [jvm.dll+0x8b9704]
V  [jvm.dll+0x8b9c40]
V  [jvm.dll+0x8b9ee3]
V  [jvm.dll+0x85916b]
V  [jvm.dll+0x6d327d]
C  [ucrtbase.dll+0x37b0]
C  [KERNEL32.DLL+0x2e8d7]
C  [ntdll.dll+0x8c53c]

VM_Operation (0x00000011ebbff2a0): G1CollectFull, mode: safepoint, requested by thread 0x0000015b98ada290


---------------  P R O C E S S  ---------------

Threads class SMR info:
_java_thread_list=0x0000015b98a170f0, length=23, elements={
0x0000015b4909bc40, 0x0000015b4909c690, 0x0000015b490a2910, 0x0000015b490a3820,
0x0000015b490aa750, 0x0000015b490abbc0, 0x0000015b499494b0, 0x0000015b49a70d30,
0x0000015b8f4566f0, 0x0000015b8f457090, 0x0000015b8f6881b0, 0x0000015b8f6db6c0,
0x0000015b8f6f7ed0, 0x0000015b91c4adb0, 0x0000015b91c4a720, 0x0000015b91c48650,
0x0000015b91c4c160, 0x0000015b9829aaf0, 0x0000015b9829ec90, 0x0000015b98ad46b0,
0x0000015b98299dd0, 0x0000015b98ada290, 0x0000015b98ad3990
}

Java Threads: ( => current thread )
  0x0000015b4909bc40 JavaThread "Reference Handler"          daemon [_thread_blocked, id=24324, stack(0x00000011ec400000,0x00000011ec500000) (1024K)]
  0x0000015b4909c690 JavaThread "Finalizer"                  daemon [_thread_blocked, id=10396, stack(0x00000011ec500000,0x00000011ec600000) (1024K)]
  0x0000015b490a2910 JavaThread "Signal Dispatcher"          daemon [_thread_blocked, id=9508, stack(0x00000011ec600000,0x00000011ec700000) (1024K)]
  0x0000015b490a3820 JavaThread "Attach Listener"            daemon [_thread_blocked, id=9208, stack(0x00000011ec700000,0x00000011ec800000) (1024K)]
  0x0000015b490aa750 JavaThread "Service Thread"             daemon [_thread_blocked, id=25184, stack(0x00000011ec800000,0x00000011ec900000) (1024K)]
  0x0000015b490abbc0 JavaThread "Monitor Deflation Thread"   daemon [_thread_blocked, id=18592, stack(0x00000011ec900000,0x00000011eca00000) (1024K)]
  0x0000015b499494b0 JavaThread "C1 CompilerThread0"         daemon [_thread_blocked, id=25964, stack(0x00000011eca00000,0x00000011ecb00000) (1024K)]
  0x0000015b49a70d30 JavaThread "Common-Cleaner"             daemon [_thread_blocked, id=20932, stack(0x00000011ecb00000,0x00000011ecc00000) (1024K)]
  0x0000015b8f4566f0 JavaThread "Monitor Ctrl-Break"         daemon [_thread_in_native, id=13944, stack(0x00000011ecf00000,0x00000011ed000000) (1024K)]
  0x0000015b8f457090 JavaThread "Notification Thread"        daemon [_thread_blocked, id=23620, stack(0x00000011ed000000,0x00000011ed100000) (1024K)]
  0x0000015b8f6881b0 JavaThread "RMI TCP Accept-0"           daemon [_thread_in_native, id=23752, stack(0x00000011ed100000,0x00000011ed200000) (1024K)]
  0x0000015b8f6db6c0 JavaThread "RMI Scheduler(0)"           daemon [_thread_blocked, id=24860, stack(0x00000011ed300000,0x00000011ed400000) (1024K)]
  0x0000015b8f6f7ed0 JavaThread "JMX server connection timeout 26" daemon [_thread_blocked, id=21880, stack(0x00000011edc00000,0x00000011edd00000) (1024K)]
  0x0000015b91c4adb0 JavaThread "PostgreSQL-JDBC-Cleaner"    daemon [_thread_blocked, id=25348, stack(0x00000011ee700000,0x00000011ee800000) (1024K)]
  0x0000015b91c4a720 JavaThread "idle-connection-reaper"     daemon [_thread_blocked, id=18896, stack(0x00000011eea00000,0x00000011eeb00000) (1024K)]
  0x0000015b91c48650 JavaThread "Jndi-Dns-address-change-listener" daemon [_thread_in_native, id=24040, stack(0x00000011eeb00000,0x00000011eec00000) (1024K)]
  0x0000015b91c4c160 JavaThread "Live Reload Server"         daemon [_thread_in_native, id=20328, stack(0x00000011eef00000,0x00000011ef000000) (1024K)]
  0x0000015b9829aaf0 JavaThread "DestroyJavaVM"                     [_thread_blocked, id=4548, stack(0x00000011ebc00000,0x00000011ebd00000) (1024K)]
  0x0000015b9829ec90 JavaThread "RMI TCP Connection(16)-192.168.1.4" daemon [_thread_blocked, id=22092, stack(0x00000011ece00000,0x00000011ecf00000) (1024K)]
  0x0000015b98ad46b0 JavaThread "parallel-1"                 daemon [_thread_blocked, id=18984, stack(0x00000011eba00000,0x00000011ebb00000) (1024K)]
  0x0000015b98299dd0 JavaThread "parallel-2"                 daemon [_thread_blocked, id=22448, stack(0x00000011ede00000,0x00000011edf00000) (1024K)]
  0x0000015b98ada290 JavaThread "Thread-11"                         [_thread_blocked, id=27252, stack(0x00000011ebb00000,0x00000011ebc00000) (1024K)]
  0x0000015b98ad3990 JavaThread "parallel-3"                 daemon [_thread_blocked, id=21544, stack(0x00000011ecc00000,0x00000011ecd00000) (1024K)]
Total: 23

Other Threads:
=>0x0000015b490876c0 VMThread "VM Thread"                           [id=19404, stack(0x00000011ec300000,0x00000011ec400000) (1024K)]
  0x0000015b49075090 WatcherThread "VM Periodic Task Thread"        [id=23852, stack(0x00000011ec200000,0x00000011ec300000) (1024K)]
  0x0000015b38dba890 WorkerThread "GC Thread#0"                     [id=17412, stack(0x00000011ebd00000,0x00000011ebe00000) (1024K)]
  0x0000015b8f6f6090 WorkerThread "GC Thread#1"                     [id=24212, stack(0x00000011ed400000,0x00000011ed500000) (1024K)]
  0x0000015b8f719320 WorkerThread "GC Thread#2"                     [id=26436, stack(0x00000011ed500000,0x00000011ed600000) (1024K)]
  0x0000015b8f722670 WorkerThread "GC Thread#3"                     [id=20184, stack(0x00000011ed600000,0x00000011ed700000) (1024K)]
  0x0000015b8f722a10 WorkerThread "GC Thread#4"                     [id=26904, stack(0x00000011ed700000,0x00000011ed800000) (1024K)]
  0x0000015b8f7231c0 WorkerThread "GC Thread#5"                     [id=20884, stack(0x00000011ed800000,0x00000011ed900000) (1024K)]
  0x0000015b8f725980 WorkerThread "GC Thread#6"                     [id=7336, stack(0x00000011ed900000,0x00000011eda00000) (1024K)]
  0x0000015b8f726530 WorkerThread "GC Thread#7"                     [id=7964, stack(0x00000011eda00000,0x00000011edb00000) (1024K)]
  0x0000015b8f726ce0 WorkerThread "GC Thread#8"                     [id=24700, stack(0x00000011edb00000,0x00000011edc00000) (1024K)]
  0x0000015b8ffaecc0 WorkerThread "GC Thread#9"                     [id=12620, stack(0x00000011ee000000,0x00000011ee100000) (1024K)]
  0x0000015b38dcb610 ConcurrentGCThread "G1 Main Marker"            [id=19340, stack(0x00000011ebe00000,0x00000011ebf00000) (1024K)]
  0x0000015b38dccea0 WorkerThread "G1 Conc#0"                       [id=26588, stack(0x00000011ebf00000,0x00000011ec000000) (1024K)]
  0x0000015b8ffadaa0 WorkerThread "G1 Conc#1"                       [id=22192, stack(0x00000011ee200000,0x00000011ee300000) (1024K)]
  0x0000015b8ffae1e0 WorkerThread "G1 Conc#2"                       [id=23876, stack(0x00000011ee300000,0x00000011ee400000) (1024K)]
  0x0000015b48f47ca0 ConcurrentGCThread "G1 Refine#0"               [id=24492, stack(0x00000011ec000000,0x00000011ec100000) (1024K)]
  0x0000015b48f494d0 ConcurrentGCThread "G1 Service"                [id=25208, stack(0x00000011ec100000,0x00000011ec200000) (1024K)]
Total: 18

Threads with active compile tasks:
Total: 0

VM state: at safepoint (normal execution)

VM Mutex/Monitor currently owned by a thread:  ([mutex/lock_event])
[0x00007ffdfb0c6478] Threads_lock - owner thread: 0x0000015b490876c0
[0x00007ffdfb0c6578] Heap_lock - owner thread: 0x0000015b98ada290

Heap address: 0x000000008ac00000, size: 1876 MB, Compressed Oops mode: 32-bit

CDS archive(s) mapped at: [0x0000015b4a000000-0x0000015b4ac80000-0x0000015b4ac80000), size 13107200, SharedBaseAddress: 0x0000015b4a000000, ArchiveRelocationMode: 1.
Compressed class space mapped at: 0x0000015b4b000000-0x0000015b8b000000, reserved size: 1073741824
Narrow klass base: 0x0000015b4a000000, Narrow klass shift: 0, Narrow klass range: 0x100000000

GC Precious Log:
 CardTable entry size: 512
 Card Set container configuration: InlinePtr #cards 5 size 8 Array Of Cards #cards 12 size 40 Howl #buckets 4 coarsen threshold 1843 Howl Bitmap #cards 512 size 80 coarsen threshold 460 Card regions per heap region 1 cards per card region 2048
 CPUs: 12 total, 12 available
 Memory: 7501M
 Large Page Support: Disabled
 NUMA Support: Disabled
 Compressed Oops: Enabled (32-bit)
 Heap Region Size: 1M
 Heap Min Capacity: 8M
 Heap Initial Capacity: 118M
 Heap Max Capacity: 1876M
 Pre-touch: Disabled
 Parallel Workers: 10
 Concurrent Workers: 3
 Concurrent Refinement Workers: 10
 Periodic GC: Disabled

Heap:
 garbage-first heap   total 201728K, used 97995K [0x000000008ac00000, 0x0000000100000000)
  region size 1024K, 35 young (35840K), 9 survivors (9216K)
 Metaspace       used 135184K, committed 136320K, reserved 1179648K
  class space    used 18346K, committed 18880K, reserved 1048576K

Heap Regions: E=young(eden), S=young(survivor), O=old, HS=humongous(starts), HC=humongous(continues), CS=collection set, F=free, TAMS=top-at-mark-start, PB=parsable bottom
|   0|0x000000008ac00000, 0x000000008ad00000, 0x000000008ad00000|100%|HS|  |TAMS 0x000000008ac00000| PB 0x000000008ac00000| Complete 
|   1|0x000000008ad00000, 0x000000008ae00000, 0x000000008ae00000|100%|HS|  |TAMS 0x000000008ad00000| PB 0x000000008ad00000| Complete 
|   2|0x000000008ae00000, 0x000000008aefffe8, 0x000000008af00000| 99%| O|  |TAMS 0x000000008ae00000| PB 0x000000008ae00000| Untracked 
|   3|0x000000008af00000, 0x000000008b000000, 0x000000008b000000|100%| O|  |TAMS 0x000000008af00000| PB 0x000000008af00000| Untracked 
|   4|0x000000008b000000, 0x000000008b0ffff8, 0x000000008b100000| 99%| O|  |TAMS 0x000000008b000000| PB 0x000000008b000000| Untracked 
|   5|0x000000008b100000, 0x000000008b200000, 0x000000008b200000|100%| O|  |TAMS 0x000000008b100000| PB 0x000000008b100000| Untracked 
|   6|0x000000008b200000, 0x000000008b300000, 0x000000008b300000|100%| O|  |TAMS 0x000000008b200000| PB 0x000000008b200000| Untracked 
|   7|0x000000008b300000, 0x000000008b3ffff0, 0x000000008b400000| 99%| O|  |TAMS 0x000000008b300000| PB 0x000000008b300000| Untracked 
|   8|0x000000008b400000, 0x000000008b500000, 0x000000008b500000|100%| O|  |TAMS 0x000000008b400000| PB 0x000000008b400000| Untracked 
|   9|0x000000008b500000, 0x000000008b5fffc8, 0x000000008b600000| 99%| O|  |TAMS 0x000000008b500000| PB 0x000000008b500000| Untracked 
|  10|0x000000008b600000, 0x000000008b6fffb0, 0x000000008b700000| 99%| O|  |TAMS 0x000000008b600000| PB 0x000000008b600000| Untracked 
|  11|0x000000008b700000, 0x000000008b7ffff0, 0x000000008b800000| 99%| O|  |TAMS 0x000000008b700000| PB 0x000000008b700000| Untracked 
|  12|0x000000008b800000, 0x000000008b8ffff0, 0x000000008b900000| 99%| O|  |TAMS 0x000000008b800000| PB 0x000000008b800000| Untracked 
|  13|0x000000008b900000, 0x000000008ba00000, 0x000000008ba00000|100%| O|  |TAMS 0x000000008b900000| PB 0x000000008b900000| Untracked 
|  14|0x000000008ba00000, 0x000000008baffff8, 0x000000008bb00000| 99%| O|  |TAMS 0x000000008ba00000| PB 0x000000008ba00000| Untracked 
|  15|0x000000008bb00000, 0x000000008bbfffe8, 0x000000008bc00000| 99%| O|  |TAMS 0x000000008bb00000| PB 0x000000008bb00000| Untracked 
|  16|0x000000008bc00000, 0x000000008bcfffd0, 0x000000008bd00000| 99%| O|  |TAMS 0x000000008bc00000| PB 0x000000008bc00000| Untracked 
|  17|0x000000008bd00000, 0x000000008bdffff0, 0x000000008be00000| 99%| O|  |TAMS 0x000000008bd00000| PB 0x000000008bd00000| Untracked 
|  18|0x000000008be00000, 0x000000008beffff8, 0x000000008bf00000| 99%| O|  |TAMS 0x000000008be00000| PB 0x000000008be00000| Untracked 
|  19|0x000000008bf00000, 0x000000008bffffd0, 0x000000008c000000| 99%| O|  |TAMS 0x000000008bf00000| PB 0x000000008bf00000| Untracked 
|  20|0x000000008c000000, 0x000000008c0fffd8, 0x000000008c100000| 99%| O|  |TAMS 0x000000008c000000| PB 0x000000008c000000| Untracked 
|  21|0x000000008c100000, 0x000000008c1fff98, 0x000000008c200000| 99%| O|  |TAMS 0x000000008c100000| PB 0x000000008c100000| Untracked 
|  22|0x000000008c200000, 0x000000008c2ffff0, 0x000000008c300000| 99%| O|  |TAMS 0x000000008c200000| PB 0x000000008c200000| Untracked 
|  23|0x000000008c300000, 0x000000008c3ffff0, 0x000000008c400000| 99%| O|  |TAMS 0x000000008c300000| PB 0x000000008c300000| Untracked 
|  24|0x000000008c400000, 0x000000008c4ffff8, 0x000000008c500000| 99%| O|  |TAMS 0x000000008c400000| PB 0x000000008c400000| Untracked 
|  25|0x000000008c500000, 0x000000008c5ffff0, 0x000000008c600000| 99%| O|  |TAMS 0x000000008c500000| PB 0x000000008c500000| Untracked 
|  26|0x000000008c600000, 0x000000008c6fffd8, 0x000000008c700000| 99%| O|  |TAMS 0x000000008c600000| PB 0x000000008c600000| Untracked 
|  27|0x000000008c700000, 0x000000008c800000, 0x000000008c800000|100%| O|  |TAMS 0x000000008c700000| PB 0x000000008c700000| Untracked 
|  28|0x000000008c800000, 0x000000008c8fffb8, 0x000000008c900000| 99%| O|  |TAMS 0x000000008c800000| PB 0x000000008c800000| Untracked 
|  29|0x000000008c900000, 0x000000008c9fffc8, 0x000000008ca00000| 99%| O|  |TAMS 0x000000008c900000| PB 0x000000008c900000| Untracked 
|  30|0x000000008ca00000, 0x000000008caffff0, 0x000000008cb00000| 99%| O|  |TAMS 0x000000008ca00000| PB 0x000000008ca00000| Untracked 
|  31|0x000000008cb00000, 0x000000008cc00000, 0x000000008cc00000|100%| O|  |TAMS 0x000000008cb00000| PB 0x000000008cb00000| Untracked 
|  32|0x000000008cc00000, 0x000000008ccfffa8, 0x000000008cd00000| 99%| O|  |TAMS 0x000000008cc00000| PB 0x000000008cc00000| Untracked 
|  33|0x000000008cd00000, 0x000000008ce00000, 0x000000008ce00000|100%| O|  |TAMS 0x000000008cd00000| PB 0x000000008cd00000| Untracked 
|  34|0x000000008ce00000, 0x000000008cefffe0, 0x000000008cf00000| 99%| O|  |TAMS 0x000000008ce00000| PB 0x000000008ce00000| Untracked 
|  35|0x000000008cf00000, 0x000000008cfffff0, 0x000000008d000000| 99%| O|  |TAMS 0x000000008cf00000| PB 0x000000008cf00000| Untracked 
|  36|0x000000008d000000, 0x000000008d056b68, 0x000000008d100000| 33%| O|  |TAMS 0x000000008d000000| PB 0x000000008d000000| Untracked 
|  37|0x000000008d100000, 0x000000008d1fffe0, 0x000000008d200000| 99%| O|  |TAMS 0x000000008d100000| PB 0x000000008d100000| Untracked 
|  38|0x000000008d200000, 0x000000008d2fffe8, 0x000000008d300000| 99%| O|  |TAMS 0x000000008d200000| PB 0x000000008d200000| Untracked 
|  39|0x000000008d300000, 0x000000008d3fffc0, 0x000000008d400000| 99%| O|  |TAMS 0x000000008d300000| PB 0x000000008d300000| Untracked 
|  40|0x000000008d400000, 0x000000008d500000, 0x000000008d500000|100%| O|  |TAMS 0x000000008d400000| PB 0x000000008d400000| Untracked 
|  41|0x000000008d500000, 0x000000008d600000, 0x000000008d600000|100%| O|  |TAMS 0x000000008d500000| PB 0x000000008d500000| Untracked 
|  42|0x000000008d600000, 0x000000008d6ffff0, 0x000000008d700000| 99%| O|  |TAMS 0x000000008d600000| PB 0x000000008d600000| Untracked 
|  43|0x000000008d700000, 0x000000008d800000, 0x000000008d800000|100%| O|  |TAMS 0x000000008d700000| PB 0x000000008d700000| Untracked 
|  44|0x000000008d800000, 0x000000008d900000, 0x000000008d900000|100%| O|  |TAMS 0x000000008d800000| PB 0x000000008d800000| Untracked 
|  45|0x000000008d900000, 0x000000008da00000, 0x000000008da00000|100%| O|  |TAMS 0x000000008d900000| PB 0x000000008d900000| Untracked 
|  46|0x000000008da00000, 0x000000008db00000, 0x000000008db00000|100%| O|  |TAMS 0x000000008da00000| PB 0x000000008da00000| Untracked 
|  47|0x000000008db00000, 0x000000008dc00000, 0x000000008dc00000|100%| O|  |TAMS 0x000000008db00000| PB 0x000000008db00000| Untracked 
|  48|0x000000008dc00000, 0x000000008dcfffb8, 0x000000008dd00000| 99%| O|  |TAMS 0x000000008dc00000| PB 0x000000008dc00000| Untracked 
|  49|0x000000008dd00000, 0x000000008ddffff0, 0x000000008de00000| 99%| O|  |TAMS 0x000000008dd00000| PB 0x000000008dd00000| Untracked 
|  50|0x000000008de00000, 0x000000008deffff0, 0x000000008df00000| 99%| O|  |TAMS 0x000000008de00000| PB 0x000000008de00000| Untracked 
|  51|0x000000008df00000, 0x000000008e000000, 0x000000008e000000|100%| O|  |TAMS 0x000000008df00000| PB 0x000000008df00000| Untracked 
|  52|0x000000008e000000, 0x000000008e0cf9b8, 0x000000008e100000| 81%| O|  |TAMS 0x000000008e000000| PB 0x000000008e000000| Untracked 
|  53|0x000000008e100000, 0x000000008e11c770, 0x000000008e200000| 11%| O|  |TAMS 0x000000008e100000| PB 0x000000008e100000| Untracked 
|  54|0x000000008e200000, 0x000000008e238838, 0x000000008e300000| 22%| O|  |TAMS 0x000000008e200000| PB 0x000000008e200000| Untracked 
|  55|0x000000008e300000, 0x000000008e400000, 0x000000008e400000|100%| O|  |TAMS 0x000000008e300000| PB 0x000000008e300000| Untracked 
|  56|0x000000008e400000, 0x000000008e500000, 0x000000008e500000|100%| O|  |TAMS 0x000000008e400000| PB 0x000000008e400000| Untracked 
|  57|0x000000008e500000, 0x000000008e597d70, 0x000000008e600000| 59%| O|  |TAMS 0x000000008e500000| PB 0x000000008e500000| Untracked 
|  58|0x000000008e600000, 0x000000008e600000, 0x000000008e700000|  0%| F|  |TAMS 0x000000008e600000| PB 0x000000008e600000| Untracked 
|  59|0x000000008e700000, 0x000000008e800000, 0x000000008e800000|100%| O|  |TAMS 0x000000008e700000| PB 0x000000008e700000| Untracked 
|  60|0x000000008e800000, 0x000000008e900000, 0x000000008e900000|100%| O|  |TAMS 0x000000008e800000| PB 0x000000008e800000| Untracked 
|  61|0x000000008e900000, 0x000000008ea00000, 0x000000008ea00000|100%| O|  |TAMS 0x000000008e900000| PB 0x000000008e900000| Untracked 
|  62|0x000000008ea00000, 0x000000008eb00000, 0x000000008eb00000|100%| O|  |TAMS 0x000000008ea00000| PB 0x000000008ea00000| Untracked 
|  63|0x000000008eb00000, 0x000000008ec00000, 0x000000008ec00000|100%| O|  |TAMS 0x000000008eb00000| PB 0x000000008eb00000| Untracked 
|  64|0x000000008ec00000, 0x000000008ec2de38, 0x000000008ed00000| 17%| O|  |TAMS 0x000000008ec00000| PB 0x000000008ec00000| Untracked 
|  65|0x000000008ed00000, 0x000000008ee00000, 0x000000008ee00000|100%| O|  |TAMS 0x000000008ed00000| PB 0x000000008ed00000| Untracked 
|  66|0x000000008ee00000, 0x000000008ef00000, 0x000000008ef00000|100%| O|  |TAMS 0x000000008ee00000| PB 0x000000008ee00000| Untracked 
|  67|0x000000008ef00000, 0x000000008ef38b70, 0x000000008f000000| 22%| O|  |TAMS 0x000000008ef00000| PB 0x000000008ef00000| Untracked 
|  68|0x000000008f000000, 0x000000008f000000, 0x000000008f100000|  0%| F|  |TAMS 0x000000008f000000| PB 0x000000008f000000| Untracked 
|  69|0x000000008f100000, 0x000000008f100000, 0x000000008f200000|  0%| F|  |TAMS 0x000000008f100000| PB 0x000000008f100000| Untracked 
|  70|0x000000008f200000, 0x000000008f200000, 0x000000008f300000|  0%| F|  |TAMS 0x000000008f200000| PB 0x000000008f200000| Untracked 
|  71|0x000000008f300000, 0x000000008f300000, 0x000000008f400000|  0%| F|  |TAMS 0x000000008f300000| PB 0x000000008f300000| Untracked 
|  72|0x000000008f400000, 0x000000008f400000, 0x000000008f500000|  0%| F|  |TAMS 0x000000008f400000| PB 0x000000008f400000| Untracked 
|  73|0x000000008f500000, 0x000000008f500000, 0x000000008f600000|  0%| F|  |TAMS 0x000000008f500000| PB 0x000000008f500000| Untracked 
|  74|0x000000008f600000, 0x000000008f600000, 0x000000008f700000|  0%| F|  |TAMS 0x000000008f600000| PB 0x000000008f600000| Untracked 
|  75|0x000000008f700000, 0x000000008f700000, 0x000000008f800000|  0%| F|  |TAMS 0x000000008f700000| PB 0x000000008f700000| Untracked 
|  76|0x000000008f800000, 0x000000008f800000, 0x000000008f900000|  0%| F|  |TAMS 0x000000008f800000| PB 0x000000008f800000| Untracked 
|  77|0x000000008f900000, 0x000000008f900000, 0x000000008fa00000|  0%| F|  |TAMS 0x000000008f900000| PB 0x000000008f900000| Untracked 
|  78|0x000000008fa00000, 0x000000008fa00000, 0x000000008fb00000|  0%| F|  |TAMS 0x000000008fa00000| PB 0x000000008fa00000| Untracked 
|  79|0x000000008fb00000, 0x000000008fb00000, 0x000000008fc00000|  0%| F|  |TAMS 0x000000008fb00000| PB 0x000000008fb00000| Untracked 
|  80|0x000000008fc00000, 0x000000008fc39530, 0x000000008fd00000| 22%| S|CS|TAMS 0x000000008fc00000| PB 0x000000008fc00000| Complete 
|  81|0x000000008fd00000, 0x000000008fe00000, 0x000000008fe00000|100%| S|CS|TAMS 0x000000008fd00000| PB 0x000000008fd00000| Complete 
|  82|0x000000008fe00000, 0x000000008ff00000, 0x000000008ff00000|100%| S|CS|TAMS 0x000000008fe00000| PB 0x000000008fe00000| Complete 
|  83|0x000000008ff00000, 0x0000000090000000, 0x0000000090000000|100%| S|CS|TAMS 0x000000008ff00000| PB 0x000000008ff00000| Complete 
|  84|0x0000000090000000, 0x0000000090100000, 0x0000000090100000|100%| S|CS|TAMS 0x0000000090000000| PB 0x0000000090000000| Complete 
|  85|0x0000000090100000, 0x0000000090200000, 0x0000000090200000|100%| S|CS|TAMS 0x0000000090100000| PB 0x0000000090100000| Complete 
|  86|0x0000000090200000, 0x0000000090300000, 0x0000000090300000|100%| S|CS|TAMS 0x0000000090200000| PB 0x0000000090200000| Complete 
|  87|0x0000000090300000, 0x0000000090400000, 0x0000000090400000|100%| S|CS|TAMS 0x0000000090300000| PB 0x0000000090300000| Complete 
|  88|0x0000000090400000, 0x0000000090400000, 0x0000000090500000|  0%| F|  |TAMS 0x0000000090400000| PB 0x0000000090400000| Untracked 
|  89|0x0000000090500000, 0x0000000090500000, 0x0000000090600000|  0%| F|  |TAMS 0x0000000090500000| PB 0x0000000090500000| Untracked 
|  90|0x0000000090600000, 0x0000000090600000, 0x0000000090700000|  0%| F|  |TAMS 0x0000000090600000| PB 0x0000000090600000| Untracked 
|  91|0x0000000090700000, 0x0000000090700000, 0x0000000090800000|  0%| F|  |TAMS 0x0000000090700000| PB 0x0000000090700000| Untracked 
|  92|0x0000000090800000, 0x0000000090800000, 0x0000000090900000|  0%| F|  |TAMS 0x0000000090800000| PB 0x0000000090800000| Untracked 
|  93|0x0000000090900000, 0x0000000090900000, 0x0000000090a00000|  0%| F|  |TAMS 0x0000000090900000| PB 0x0000000090900000| Untracked 
|  94|0x0000000090a00000, 0x0000000090b00000, 0x0000000090b00000|100%| S|CS|TAMS 0x0000000090a00000| PB 0x0000000090a00000| Complete 
|  95|0x0000000090b00000, 0x0000000090b00000, 0x0000000090c00000|  0%| F|  |TAMS 0x0000000090b00000| PB 0x0000000090b00000| Untracked 
|  96|0x0000000090c00000, 0x0000000090c00000, 0x0000000090d00000|  0%| F|  |TAMS 0x0000000090c00000| PB 0x0000000090c00000| Untracked 
|  97|0x0000000090d00000, 0x0000000090d00000, 0x0000000090e00000|  0%| F|  |TAMS 0x0000000090d00000| PB 0x0000000090d00000| Untracked 
|  98|0x0000000090e00000, 0x0000000090e00000, 0x0000000090f00000|  0%| F|  |TAMS 0x0000000090e00000| PB 0x0000000090e00000| Untracked 
|  99|0x0000000090f00000, 0x0000000090f00000, 0x0000000091000000|  0%| F|  |TAMS 0x0000000090f00000| PB 0x0000000090f00000| Untracked 
| 100|0x0000000091000000, 0x0000000091000000, 0x0000000091100000|  0%| F|  |TAMS 0x0000000091000000| PB 0x0000000091000000| Untracked 
| 101|0x0000000091100000, 0x0000000091100000, 0x0000000091200000|  0%| F|  |TAMS 0x0000000091100000| PB 0x0000000091100000| Untracked 
| 102|0x0000000091200000, 0x0000000091200000, 0x0000000091300000|  0%| F|  |TAMS 0x0000000091200000| PB 0x0000000091200000| Untracked 
| 103|0x0000000091300000, 0x0000000091300000, 0x0000000091400000|  0%| F|  |TAMS 0x0000000091300000| PB 0x0000000091300000| Untracked 
| 104|0x0000000091400000, 0x0000000091400000, 0x0000000091500000|  0%| F|  |TAMS 0x0000000091400000| PB 0x0000000091400000| Untracked 
| 105|0x0000000091500000, 0x0000000091500000, 0x0000000091600000|  0%| F|  |TAMS 0x0000000091500000| PB 0x0000000091500000| Untracked 
| 106|0x0000000091600000, 0x0000000091600000, 0x0000000091700000|  0%| F|  |TAMS 0x0000000091600000| PB 0x0000000091600000| Untracked 
| 107|0x0000000091700000, 0x0000000091700000, 0x0000000091800000|  0%| F|  |TAMS 0x0000000091700000| PB 0x0000000091700000| Untracked 
| 108|0x0000000091800000, 0x0000000091800000, 0x0000000091900000|  0%| F|  |TAMS 0x0000000091800000| PB 0x0000000091800000| Untracked 
| 109|0x0000000091900000, 0x0000000091900000, 0x0000000091a00000|  0%| F|  |TAMS 0x0000000091900000| PB 0x0000000091900000| Untracked 
| 110|0x0000000091a00000, 0x0000000091a00000, 0x0000000091b00000|  0%| F|  |TAMS 0x0000000091a00000| PB 0x0000000091a00000| Untracked 
| 111|0x0000000091b00000, 0x0000000091b00000, 0x0000000091c00000|  0%| F|  |TAMS 0x0000000091b00000| PB 0x0000000091b00000| Untracked 
| 112|0x0000000091c00000, 0x0000000091c00000, 0x0000000091d00000|  0%| F|  |TAMS 0x0000000091c00000| PB 0x0000000091c00000| Untracked 
| 113|0x0000000091d00000, 0x0000000091d00000, 0x0000000091e00000|  0%| F|  |TAMS 0x0000000091d00000| PB 0x0000000091d00000| Untracked 
| 114|0x0000000091e00000, 0x0000000091e00000, 0x0000000091f00000|  0%| F|  |TAMS 0x0000000091e00000| PB 0x0000000091e00000| Untracked 
| 115|0x0000000091f00000, 0x0000000091f00000, 0x0000000092000000|  0%| F|  |TAMS 0x0000000091f00000| PB 0x0000000091f00000| Untracked 
| 116|0x0000000092000000, 0x0000000092000000, 0x0000000092100000|  0%| F|  |TAMS 0x0000000092000000| PB 0x0000000092000000| Untracked 
| 117|0x0000000092100000, 0x0000000092100000, 0x0000000092200000|  0%| F|  |TAMS 0x0000000092100000| PB 0x0000000092100000| Untracked 
| 118|0x0000000092200000, 0x0000000092200000, 0x0000000092300000|  0%| F|  |TAMS 0x0000000092200000| PB 0x0000000092200000| Untracked 
| 119|0x0000000092300000, 0x0000000092300000, 0x0000000092400000|  0%| F|  |TAMS 0x0000000092300000| PB 0x0000000092300000| Untracked 
| 120|0x0000000092400000, 0x0000000092400000, 0x0000000092500000|  0%| F|  |TAMS 0x0000000092400000| PB 0x0000000092400000| Untracked 
| 121|0x0000000092500000, 0x0000000092500000, 0x0000000092600000|  0%| F|  |TAMS 0x0000000092500000| PB 0x0000000092500000| Untracked 
| 122|0x0000000092600000, 0x0000000092600000, 0x0000000092700000|  0%| F|  |TAMS 0x0000000092600000| PB 0x0000000092600000| Untracked 
| 123|0x0000000092700000, 0x0000000092700000, 0x0000000092800000|  0%| F|  |TAMS 0x0000000092700000| PB 0x0000000092700000| Untracked 
| 124|0x0000000092800000, 0x0000000092800000, 0x0000000092900000|  0%| F|  |TAMS 0x0000000092800000| PB 0x0000000092800000| Untracked 
| 125|0x0000000092900000, 0x0000000092900000, 0x0000000092a00000|  0%| F|  |TAMS 0x0000000092900000| PB 0x0000000092900000| Untracked 
| 126|0x0000000092a00000, 0x0000000092a00000, 0x0000000092b00000|  0%| F|  |TAMS 0x0000000092a00000| PB 0x0000000092a00000| Untracked 
| 127|0x0000000092b00000, 0x0000000092b00000, 0x0000000092c00000|  0%| F|  |TAMS 0x0000000092b00000| PB 0x0000000092b00000| Untracked 
| 128|0x0000000092c00000, 0x0000000092c00000, 0x0000000092d00000|  0%| F|  |TAMS 0x0000000092c00000| PB 0x0000000092c00000| Untracked 
| 129|0x0000000092d00000, 0x0000000092d00000, 0x0000000092e00000|  0%| F|  |TAMS 0x0000000092d00000| PB 0x0000000092d00000| Untracked 
| 130|0x0000000092e00000, 0x0000000092e00000, 0x0000000092f00000|  0%| F|  |TAMS 0x0000000092e00000| PB 0x0000000092e00000| Untracked 
| 131|0x0000000092f00000, 0x0000000092f00000, 0x0000000093000000|  0%| F|  |TAMS 0x0000000092f00000| PB 0x0000000092f00000| Untracked 
| 132|0x0000000093000000, 0x0000000093000000, 0x0000000093100000|  0%| F|  |TAMS 0x0000000093000000| PB 0x0000000093000000| Untracked 
| 133|0x0000000093100000, 0x0000000093100000, 0x0000000093200000|  0%| F|  |TAMS 0x0000000093100000| PB 0x0000000093100000| Untracked 
| 134|0x0000000093200000, 0x0000000093200000, 0x0000000093300000|  0%| F|  |TAMS 0x0000000093200000| PB 0x0000000093200000| Untracked 
| 135|0x0000000093300000, 0x0000000093300000, 0x0000000093400000|  0%| F|  |TAMS 0x0000000093300000| PB 0x0000000093300000| Untracked 
| 136|0x0000000093400000, 0x0000000093400000, 0x0000000093500000|  0%| F|  |TAMS 0x0000000093400000| PB 0x0000000093400000| Untracked 
| 137|0x0000000093500000, 0x0000000093500000, 0x0000000093600000|  0%| F|  |TAMS 0x0000000093500000| PB 0x0000000093500000| Untracked 
| 138|0x0000000093600000, 0x0000000093600000, 0x0000000093700000|  0%| F|  |TAMS 0x0000000093600000| PB 0x0000000093600000| Untracked 
| 139|0x0000000093700000, 0x0000000093700000, 0x0000000093800000|  0%| F|  |TAMS 0x0000000093700000| PB 0x0000000093700000| Untracked 
| 140|0x0000000093800000, 0x0000000093800000, 0x0000000093900000|  0%| F|  |TAMS 0x0000000093800000| PB 0x0000000093800000| Untracked 
| 141|0x0000000093900000, 0x0000000093900000, 0x0000000093a00000|  0%| F|  |TAMS 0x0000000093900000| PB 0x0000000093900000| Untracked 
| 142|0x0000000093a00000, 0x0000000093a00000, 0x0000000093b00000|  0%| F|  |TAMS 0x0000000093a00000| PB 0x0000000093a00000| Untracked 
| 143|0x0000000093b00000, 0x0000000093b00000, 0x0000000093c00000|  0%| F|  |TAMS 0x0000000093b00000| PB 0x0000000093b00000| Untracked 
| 144|0x0000000093c00000, 0x0000000093c00000, 0x0000000093d00000|  0%| F|  |TAMS 0x0000000093c00000| PB 0x0000000093c00000| Untracked 
| 145|0x0000000093d00000, 0x0000000093d00000, 0x0000000093e00000|  0%| F|  |TAMS 0x0000000093d00000| PB 0x0000000093d00000| Untracked 
| 146|0x0000000093e00000, 0x0000000093e00000, 0x0000000093f00000|  0%| F|  |TAMS 0x0000000093e00000| PB 0x0000000093e00000| Untracked 
| 147|0x0000000093f00000, 0x0000000093f00000, 0x0000000094000000|  0%| F|  |TAMS 0x0000000093f00000| PB 0x0000000093f00000| Untracked 
| 148|0x0000000094000000, 0x0000000094000000, 0x0000000094100000|  0%| F|  |TAMS 0x0000000094000000| PB 0x0000000094000000| Untracked 
| 149|0x0000000094100000, 0x0000000094100000, 0x0000000094200000|  0%| F|  |TAMS 0x0000000094100000| PB 0x0000000094100000| Untracked 
| 150|0x0000000094200000, 0x0000000094200000, 0x0000000094300000|  0%| F|  |TAMS 0x0000000094200000| PB 0x0000000094200000| Untracked 
| 151|0x0000000094300000, 0x0000000094300000, 0x0000000094400000|  0%| F|  |TAMS 0x0000000094300000| PB 0x0000000094300000| Untracked 
| 152|0x0000000094400000, 0x0000000094400000, 0x0000000094500000|  0%| F|  |TAMS 0x0000000094400000| PB 0x0000000094400000| Untracked 
| 153|0x0000000094500000, 0x0000000094500000, 0x0000000094600000|  0%| F|  |TAMS 0x0000000094500000| PB 0x0000000094500000| Untracked 
| 154|0x0000000094600000, 0x0000000094600000, 0x0000000094700000|  0%| F|  |TAMS 0x0000000094600000| PB 0x0000000094600000| Untracked 
| 155|0x0000000094700000, 0x0000000094700000, 0x0000000094800000|  0%| F|  |TAMS 0x0000000094700000| PB 0x0000000094700000| Untracked 
| 156|0x0000000094800000, 0x0000000094800000, 0x0000000094900000|  0%| F|  |TAMS 0x0000000094800000| PB 0x0000000094800000| Untracked 
| 157|0x0000000094900000, 0x0000000094900000, 0x0000000094a00000|  0%| F|  |TAMS 0x0000000094900000| PB 0x0000000094900000| Untracked 
| 158|0x0000000094a00000, 0x0000000094a00000, 0x0000000094b00000|  0%| F|  |TAMS 0x0000000094a00000| PB 0x0000000094a00000| Untracked 
| 159|0x0000000094b00000, 0x0000000094b00000, 0x0000000094c00000|  0%| F|  |TAMS 0x0000000094b00000| PB 0x0000000094b00000| Untracked 
| 160|0x0000000094c00000, 0x0000000094c00000, 0x0000000094d00000|  0%| F|  |TAMS 0x0000000094c00000| PB 0x0000000094c00000| Untracked 
| 161|0x0000000094d00000, 0x0000000094d00000, 0x0000000094e00000|  0%| F|  |TAMS 0x0000000094d00000| PB 0x0000000094d00000| Untracked 
| 162|0x0000000094e00000, 0x0000000094e00000, 0x0000000094f00000|  0%| F|  |TAMS 0x0000000094e00000| PB 0x0000000094e00000| Untracked 
| 163|0x0000000094f00000, 0x0000000094f00000, 0x0000000095000000|  0%| F|  |TAMS 0x0000000094f00000| PB 0x0000000094f00000| Untracked 
| 164|0x0000000095000000, 0x0000000095000000, 0x0000000095100000|  0%| F|  |TAMS 0x0000000095000000| PB 0x0000000095000000| Untracked 
| 165|0x0000000095100000, 0x0000000095100000, 0x0000000095200000|  0%| F|  |TAMS 0x0000000095100000| PB 0x0000000095100000| Untracked 
| 166|0x0000000095200000, 0x0000000095200000, 0x0000000095300000|  0%| F|  |TAMS 0x0000000095200000| PB 0x0000000095200000| Untracked 
| 167|0x0000000095300000, 0x0000000095300000, 0x0000000095400000|  0%| F|  |TAMS 0x0000000095300000| PB 0x0000000095300000| Untracked 
| 168|0x0000000095400000, 0x0000000095400000, 0x0000000095500000|  0%| F|  |TAMS 0x0000000095400000| PB 0x0000000095400000| Untracked 
| 169|0x0000000095500000, 0x0000000095500000, 0x0000000095600000|  0%| F|  |TAMS 0x0000000095500000| PB 0x0000000095500000| Untracked 
| 170|0x0000000095600000, 0x0000000095600000, 0x0000000095700000|  0%| F|  |TAMS 0x0000000095600000| PB 0x0000000095600000| Untracked 
| 171|0x0000000095700000, 0x00000000957e62d0, 0x0000000095800000| 89%| E|  |TAMS 0x0000000095700000| PB 0x0000000095700000| Complete 
| 172|0x0000000095800000, 0x0000000095900000, 0x0000000095900000|100%| E|CS|TAMS 0x0000000095800000| PB 0x0000000095800000| Complete 
| 173|0x0000000095900000, 0x0000000095a00000, 0x0000000095a00000|100%| E|CS|TAMS 0x0000000095900000| PB 0x0000000095900000| Complete 
| 174|0x0000000095a00000, 0x0000000095b00000, 0x0000000095b00000|100%| E|CS|TAMS 0x0000000095a00000| PB 0x0000000095a00000| Complete 
| 175|0x0000000095b00000, 0x0000000095c00000, 0x0000000095c00000|100%| E|CS|TAMS 0x0000000095b00000| PB 0x0000000095b00000| Complete 
| 176|0x0000000095c00000, 0x0000000095d00000, 0x0000000095d00000|100%| E|CS|TAMS 0x0000000095c00000| PB 0x0000000095c00000| Complete 
| 177|0x0000000095d00000, 0x0000000095e00000, 0x0000000095e00000|100%| E|CS|TAMS 0x0000000095d00000| PB 0x0000000095d00000| Complete 
| 178|0x0000000095e00000, 0x0000000095f00000, 0x0000000095f00000|100%| E|CS|TAMS 0x0000000095e00000| PB 0x0000000095e00000| Complete 
| 179|0x0000000095f00000, 0x0000000096000000, 0x0000000096000000|100%| E|CS|TAMS 0x0000000095f00000| PB 0x0000000095f00000| Complete 
| 180|0x0000000096000000, 0x0000000096100000, 0x0000000096100000|100%| E|CS|TAMS 0x0000000096000000| PB 0x0000000096000000| Complete 
| 181|0x0000000096100000, 0x0000000096200000, 0x0000000096200000|100%| E|CS|TAMS 0x0000000096100000| PB 0x0000000096100000| Complete 
| 182|0x0000000096200000, 0x0000000096300000, 0x0000000096300000|100%| E|CS|TAMS 0x0000000096200000| PB 0x0000000096200000| Complete 
| 183|0x0000000096300000, 0x0000000096400000, 0x0000000096400000|100%| E|CS|TAMS 0x0000000096300000| PB 0x0000000096300000| Complete 
| 184|0x0000000096400000, 0x0000000096500000, 0x0000000096500000|100%| E|CS|TAMS 0x0000000096400000| PB 0x0000000096400000| Complete 
| 185|0x0000000096500000, 0x0000000096600000, 0x0000000096600000|100%| E|CS|TAMS 0x0000000096500000| PB 0x0000000096500000| Complete 
| 186|0x0000000096600000, 0x0000000096700000, 0x0000000096700000|100%| E|CS|TAMS 0x0000000096600000| PB 0x0000000096600000| Complete 
| 187|0x0000000096700000, 0x0000000096800000, 0x0000000096800000|100%| E|CS|TAMS 0x0000000096700000| PB 0x0000000096700000| Complete 
| 188|0x0000000096800000, 0x0000000096900000, 0x0000000096900000|100%| E|CS|TAMS 0x0000000096800000| PB 0x0000000096800000| Complete 
| 189|0x0000000096900000, 0x0000000096a00000, 0x0000000096a00000|100%| E|CS|TAMS 0x0000000096900000| PB 0x0000000096900000| Complete 
| 190|0x0000000096a00000, 0x0000000096b00000, 0x0000000096b00000|100%| E|CS|TAMS 0x0000000096a00000| PB 0x0000000096a00000| Complete 
| 191|0x0000000096b00000, 0x0000000096c00000, 0x0000000096c00000|100%| E|CS|TAMS 0x0000000096b00000| PB 0x0000000096b00000| Complete 
| 192|0x0000000096c00000, 0x0000000096d00000, 0x0000000096d00000|100%| E|CS|TAMS 0x0000000096c00000| PB 0x0000000096c00000| Complete 
| 193|0x0000000096d00000, 0x0000000096e00000, 0x0000000096e00000|100%| E|CS|TAMS 0x0000000096d00000| PB 0x0000000096d00000| Complete 
| 194|0x0000000096e00000, 0x0000000096f00000, 0x0000000096f00000|100%| E|CS|TAMS 0x0000000096e00000| PB 0x0000000096e00000| Complete 
| 195|0x0000000096f00000, 0x0000000097000000, 0x0000000097000000|100%| E|CS|TAMS 0x0000000096f00000| PB 0x0000000096f00000| Complete 
| 196|0x0000000097000000, 0x0000000097100000, 0x0000000097100000|100%| E|CS|TAMS 0x0000000097000000| PB 0x0000000097000000| Complete 

Card table byte_map: [0x0000015b44b20000,0x0000015b44ed0000] _byte_map_base: 0x0000015b446ca000

Marking Bits: (CMBitMap*) 0x0000015b38dbaea0
 Bits: [0x0000015b44ed0000, 0x0000015b46c20000)

Polling page: 0x0000015b36d30000

Metaspace:

Usage:
  Non-class:    114.10 MB used.
      Class:     17.92 MB used.
       Both:    132.02 MB used.

Virtual space:
  Non-class space:      128.00 MB reserved,     114.69 MB ( 90%) committed,  2 nodes.
      Class space:        1.00 GB reserved,      18.44 MB (  2%) committed,  1 nodes.
             Both:        1.12 GB reserved,     133.12 MB ( 12%) committed. 

Chunk freelists:
   Non-Class:  13.25 MB
       Class:  13.54 MB
        Both:  26.80 MB

MaxMetaspaceSize: unlimited
CompressedClassSpaceSize: 1.00 GB
Initial GC threshold: 21.00 MB
Current GC threshold: 219.81 MB
CDS: on
 - commit_granule_bytes: 65536.
 - commit_granule_words: 8192.
 - virtual_space_node_default_size: 8388608.
 - enlarge_chunks_in_place: 1.
 - use_allocation_guard: 0.


Internal statistics:

num_allocs_failed_limit: 3.
num_arena_births: 3090.
num_arena_deaths: 1468.
num_vsnodes_births: 3.
num_vsnodes_deaths: 0.
num_space_committed: 2130.
num_space_uncommitted: 0.
num_chunks_returned_to_freelist: 1746.
num_chunks_taken_from_freelist: 8899.
num_chunk_merges: 424.
num_chunk_splits: 5644.
num_chunks_enlarged: 4257.
num_inconsistent_stats: 0.

CodeCache: size=49152Kb used=21881Kb max_used=23545Kb free=27270Kb
 bounds [0x0000015b41440000, 0x0000015b42b40000, 0x0000015b44440000]
 total_blobs=12568 nmethods=11606 adapters=884
 compilation: enabled
              stopped_count=0, restarted_count=0
 full_count=0

Compilation events (20 events):
Event: 7185.158 Thread 0x0000015b499494b0 26362       1       java.util.logging.LogManager::getLogManager (16 bytes)
Event: 7185.163 Thread 0x0000015b499494b0 nmethod 26362 0x0000015b42b18e10 code [0x0000015b42b18fc0, 0x0000015b42b19098]
Event: 7185.197 Thread 0x0000015b499494b0 26363       1       java.util.concurrent.atomic.AtomicInteger::set (6 bytes)
Event: 7185.197 Thread 0x0000015b499494b0 nmethod 26363 0x0000015b42b18b10 code [0x0000015b42b18ca0, 0x0000015b42b18d70]
Event: 7185.228 Thread 0x0000015b499494b0 26364       1       java.util.IdentityHashMap::isEmpty (13 bytes)
Event: 7185.229 Thread 0x0000015b499494b0 nmethod 26364 0x0000015b42b18810 code [0x0000015b42b189a0, 0x0000015b42b18a78]
Event: 7185.229 Thread 0x0000015b499494b0 26365       1       java.util.IdentityHashMap::unmaskNull (13 bytes)
Event: 7185.229 Thread 0x0000015b499494b0 nmethod 26365 0x0000015b42b18510 code [0x0000015b42b186a0, 0x0000015b42b18760]
Event: 7185.234 Thread 0x0000015b499494b0 26366       1       io.netty.util.concurrent.AbstractEventExecutor::runTask (7 bytes)
Event: 7185.238 Thread 0x0000015b499494b0 nmethod 26366 0x0000015b42b18210 code [0x0000015b42b183c0, 0x0000015b42b18490]
Event: 7185.287 Thread 0x0000015b499494b0 26367   !   1       org.hibernate.internal.util.collections.BoundedConcurrentHashMap$Segment::clear (60 bytes)
Event: 7185.315 Thread 0x0000015b499494b0 nmethod 26367 0x0000015b42b17910 code [0x0000015b42b17b40, 0x0000015b42b17f28]
Event: 7185.350 Thread 0x0000015b499494b0 26368   !   1       java.util.concurrent.ThreadPoolExecutor::tryTerminate (177 bytes)
Event: 7185.394 Thread 0x0000015b499494b0 nmethod 26368 0x0000015b42b15b90 code [0x0000015b42b15f20, 0x0000015b42b16c58]
Event: 7185.394 Thread 0x0000015b499494b0 26369       1       java.net.Socket::getAndBitwiseOrState (9 bytes)
Event: 7185.404 Thread 0x0000015b499494b0 nmethod 26369 0x0000015b42b15610 code [0x0000015b42b157c0, 0x0000015b42b159e0]
Event: 7185.404 Thread 0x0000015b499494b0 26370       1       java.lang.invoke.VarHandleInts$FieldInstanceReadWrite::getAndBitwiseOr (28 bytes)
Event: 7185.412 Thread 0x0000015b499494b0 nmethod 26370 0x0000015b42b14f10 code [0x0000015b42b150e0, 0x0000015b42b153f8]
Event: 7185.412 Thread 0x0000015b499494b0 26371       1       jdk.internal.misc.Unsafe::getAndBitwiseOrInt (27 bytes)
Event: 7185.412 Thread 0x0000015b499494b0 nmethod 26371 0x0000015b42b14b90 code [0x0000015b42b14d20, 0x0000015b42b14e28]

GC Heap History (20 events):
Event: 7003.579 GC heap after
{Heap after GC invocations=104 (full 1):
 garbage-first heap   total 118784K, used 63720K [0x000000008ac00000, 0x0000000100000000)
  region size 1024K, 2 young (2048K), 2 survivors (2048K)
 Metaspace       used 131648K, committed 132736K, reserved 1179648K
  class space    used 18046K, committed 18560K, reserved 1048576K
}
Event: 7014.723 GC heap before
{Heap before GC invocations=105 (full 1):
 garbage-first heap   total 118784K, used 103656K [0x000000008ac00000, 0x0000000100000000)
  region size 1024K, 41 young (41984K), 2 survivors (2048K)
 Metaspace       used 131985K, committed 133056K, reserved 1179648K
  class space    used 18080K, committed 18560K, reserved 1048576K
}
Event: 7014.728 GC heap after
{Heap after GC invocations=106 (full 1):
 garbage-first heap   total 118784K, used 66274K [0x000000008ac00000, 0x0000000100000000)
  region size 1024K, 4 young (4096K), 4 survivors (4096K)
 Metaspace       used 131985K, committed 133056K, reserved 1179648K
  class space    used 18080K, committed 18560K, reserved 1048576K
}
Event: 7015.424 GC heap before
{Heap before GC invocations=106 (full 1):
 garbage-first heap   total 118784K, used 104162K [0x000000008ac00000, 0x0000000100000000)
  region size 1024K, 41 young (41984K), 4 survivors (4096K)
 Metaspace       used 132399K, committed 133504K, reserved 1179648K
  class space    used 18114K, committed 18624K, reserved 1048576K
}
Event: 7015.428 GC heap after
{Heap after GC invocations=107 (full 1):
 garbage-first heap   total 118784K, used 68789K [0x000000008ac00000, 0x0000000100000000)
  region size 1024K, 6 young (6144K), 6 survivors (6144K)
 Metaspace       used 132399K, committed 133504K, reserved 1179648K
  class space    used 18114K, committed 18624K, reserved 1048576K
}
Event: 7015.891 GC heap before
{Heap before GC invocations=107 (full 1):
 garbage-first heap   total 118784K, used 102581K [0x000000008ac00000, 0x0000000100000000)
  region size 1024K, 39 young (39936K), 6 survivors (6144K)
 Metaspace       used 132905K, committed 134080K, reserved 1179648K
  class space    used 18155K, committed 18688K, reserved 1048576K
}
Event: 7015.898 GC heap after
{Heap after GC invocations=108 (full 1):
 garbage-first heap   total 118784K, used 70199K [0x000000008ac00000, 0x0000000100000000)
  region size 1024K, 4 young (4096K), 4 survivors (4096K)
 Metaspace       used 132905K, committed 134080K, reserved 1179648K
  class space    used 18155K, committed 18688K, reserved 1048576K
}
Event: 7016.610 GC heap before
{Heap before GC invocations=109 (full 1):
 garbage-first heap   total 121856K, used 105015K [0x000000008ac00000, 0x0000000100000000)
  region size 1024K, 38 young (38912K), 4 survivors (4096K)
 Metaspace       used 133211K, committed 134400K, reserved 1179648K
  class space    used 18193K, committed 18752K, reserved 1048576K
}
Event: 7016.618 GC heap after
{Heap after GC invocations=110 (full 1):
 garbage-first heap   total 121856K, used 72890K [0x000000008ac00000, 0x0000000100000000)
  region size 1024K, 5 young (5120K), 5 survivors (5120K)
 Metaspace       used 133211K, committed 134400K, reserved 1179648K
  class space    used 18193K, committed 18752K, reserved 1048576K
}
Event: 7017.238 GC heap before
{Heap before GC invocations=110 (full 1):
 garbage-first heap   total 121856K, used 105658K [0x000000008ac00000, 0x0000000100000000)
  region size 1024K, 37 young (37888K), 5 survivors (5120K)
 Metaspace       used 133356K, committed 134656K, reserved 1179648K
  class space    used 18229K, committed 18816K, reserved 1048576K
}
Event: 7017.247 GC heap after
{Heap after GC invocations=111 (full 1):
 garbage-first heap   total 243712K, used 75235K [0x000000008ac00000, 0x0000000100000000)
  region size 1024K, 5 young (5120K), 5 survivors (5120K)
 Metaspace       used 133356K, committed 134656K, reserved 1179648K
  class space    used 18229K, committed 18816K, reserved 1048576K
}
Event: 7019.187 GC heap before
{Heap before GC invocations=111 (full 1):
 garbage-first heap   total 243712K, used 104931K [0x000000008ac00000, 0x0000000100000000)
  region size 1024K, 35 young (35840K), 5 survivors (5120K)
 Metaspace       used 133376K, committed 134656K, reserved 1179648K
  class space    used 18235K, committed 18816K, reserved 1048576K
}
Event: 7020.274 GC heap after
{Heap after GC invocations=112 (full 2):
 garbage-first heap   total 201728K, used 55614K [0x000000008ac00000, 0x0000000100000000)
  region size 1024K, 0 young (0K), 0 survivors (0K)
 Metaspace       used 132914K, committed 134656K, reserved 1179648K
  class space    used 18125K, committed 18816K, reserved 1048576K
}
Event: 7028.420 GC heap before
{Heap before GC invocations=112 (full 2):
 garbage-first heap   total 201728K, used 172350K [0x000000008ac00000, 0x0000000100000000)
  region size 1024K, 115 young (117760K), 0 survivors (0K)
 Metaspace       used 133809K, committed 134976K, reserved 1179648K
  class space    used 18235K, committed 18816K, reserved 1048576K
}
Event: 7028.425 GC heap after
{Heap after GC invocations=113 (full 2):
 garbage-first heap   total 201728K, used 64417K [0x000000008ac00000, 0x0000000100000000)
  region size 1024K, 9 young (9216K), 9 survivors (9216K)
 Metaspace       used 133809K, committed 134976K, reserved 1179648K
  class space    used 18235K, committed 18816K, reserved 1048576K
}
Event: 7038.793 GC heap before
{Heap before GC invocations=114 (full 2):
 garbage-first heap   total 201728K, used 169889K [0x000000008ac00000, 0x0000000100000000)
  region size 1024K, 112 young (114688K), 9 survivors (9216K)
 Metaspace       used 134914K, committed 136064K, reserved 1179648K
  class space    used 18322K, committed 18880K, reserved 1048576K
}
Event: 7038.806 GC heap after
{Heap after GC invocations=115 (full 2):
 garbage-first heap   total 201728K, used 69482K [0x000000008ac00000, 0x0000000100000000)
  region size 1024K, 6 young (6144K), 6 survivors (6144K)
 Metaspace       used 134914K, committed 136064K, reserved 1179648K
  class space    used 18322K, committed 18880K, reserved 1048576K
}
Event: 7095.882 GC heap before
{Heap before GC invocations=115 (full 2):
 garbage-first heap   total 201728K, used 173930K [0x000000008ac00000, 0x0000000100000000)
  region size 1024K, 108 young (110592K), 6 survivors (6144K)
 Metaspace       used 135181K, committed 136320K, reserved 1179648K
  class space    used 18346K, committed 18880K, reserved 1048576K
}
Event: 7095.893 GC heap after
{Heap after GC invocations=116 (full 2):
 garbage-first heap   total 201728K, used 72395K [0x000000008ac00000, 0x0000000100000000)
  region size 1024K, 9 young (9216K), 9 survivors (9216K)
 Metaspace       used 135181K, committed 136320K, reserved 1179648K
  class space    used 18346K, committed 18880K, reserved 1048576K
}
Event: 7186.522 GC heap before
{Heap before GC invocations=116 (full 2):
 garbage-first heap   total 201728K, used 97995K [0x000000008ac00000, 0x0000000100000000)
  region size 1024K, 35 young (35840K), 9 survivors (9216K)
 Metaspace       used 135184K, committed 136320K, reserved 1179648K
  class space    used 18346K, committed 18880K, reserved 1048576K
}

Dll operation events (11 events):
Event: 0.018 Loaded shared library C:\Users\USER\.jdks\ms-21.0.7\bin\java.dll
Event: 0.275 Loaded shared library C:\Users\USER\.jdks\ms-21.0.7\bin\zip.dll
Event: 0.282 Loaded shared library C:\Users\USER\.jdks\ms-21.0.7\bin\instrument.dll
Event: 0.290 Loaded shared library C:\Users\USER\.jdks\ms-21.0.7\bin\net.dll
Event: 0.294 Loaded shared library C:\Users\USER\.jdks\ms-21.0.7\bin\nio.dll
Event: 0.299 Loaded shared library C:\Users\USER\.jdks\ms-21.0.7\bin\zip.dll
Event: 0.408 Loaded shared library C:\Users\USER\.jdks\ms-21.0.7\bin\jimage.dll
Event: 0.544 Loaded shared library C:\Users\USER\.jdks\ms-21.0.7\bin\extnet.dll
Event: 0.596 Loaded shared library C:\Users\USER\.jdks\ms-21.0.7\bin\management.dll
Event: 0.622 Loaded shared library C:\Users\USER\.jdks\ms-21.0.7\bin\management_ext.dll
Event: 2.869 Loaded shared library C:\Users\USER\.jdks\ms-21.0.7\bin\sunmscapi.dll

Deoptimization events (12 events):
Event: 5.921 Thread 0x0000015b8fecd0e0 DEOPT PACKING pc=0x0000015b41dd999c sp=0x00000011edffac70
Event: 5.922 Thread 0x0000015b8fecd0e0 DEOPT UNPACKING pc=0x0000015b41494e42 sp=0x00000011edffa218 mode 0
Event: 5.922 Thread 0x0000015b8fecd0e0 DEOPT PACKING pc=0x0000015b41d1d10c sp=0x00000011edffae70
Event: 5.922 Thread 0x0000015b8fecd0e0 DEOPT UNPACKING pc=0x0000015b41494e42 sp=0x00000011edffa330 mode 0
Event: 24.523 Thread 0x0000015b8fecd0e0 DEOPT PACKING pc=0x0000015b41af0ec1 sp=0x00000011edffba30
Event: 24.523 Thread 0x0000015b8fecd0e0 DEOPT UNPACKING pc=0x0000015b41494e42 sp=0x00000011edffaf38 mode 3
Event: 1898.677 Thread 0x0000015b91c4dba0 DEOPT PACKING pc=0x0000015b41c09cf4 sp=0x00000011ef6f8820
Event: 1898.678 Thread 0x0000015b91c4dba0 DEOPT UNPACKING pc=0x0000015b41494e42 sp=0x00000011ef6f7d08 mode 0
Event: 2421.024 Thread 0x0000015b91c4dba0 DEOPT PACKING pc=0x0000015b42171930 sp=0x00000011ef6fe670
Event: 2421.051 Thread 0x0000015b91c4dba0 DEOPT UNPACKING pc=0x0000015b41494e42 sp=0x00000011ef6fdc20 mode 3
Event: 6976.171 Thread 0x0000015b91c48ce0 DEOPT PACKING pc=0x0000015b41c12c4c sp=0x00000011eecfeea0
Event: 6976.171 Thread 0x0000015b91c48ce0 DEOPT UNPACKING pc=0x0000015b41494e42 sp=0x00000011eecfe3d8 mode 0

Classes loaded (20 events):
Event: 1869.629 Loading class sun/security/validator/CamerfirmaTLSPolicy
Event: 1869.630 Loading class sun/security/validator/CamerfirmaTLSPolicy done
Event: 1869.630 Loading class sun/security/ssl/CertificateVerify$T13CertificateVerifyMessage
Event: 1869.631 Loading class sun/security/ssl/CertificateVerify$T13CertificateVerifyMessage done
Event: 1869.634 Loading class sun/security/rsa/MGF1
Event: 1869.634 Loading class sun/security/rsa/MGF1 done
Event: 1869.634 Loading class sun/security/ssl/SSLBasicKeyDerivation
Event: 1869.635 Loading class sun/security/ssl/SSLBasicKeyDerivation done
Event: 1869.635 Loading class sun/security/ssl/SSLBasicKeyDerivation$SecretSizeSpec
Event: 1869.635 Loading class sun/security/ssl/SSLBasicKeyDerivation$SecretSizeSpec done
Event: 1939.066 Loading class java/util/concurrent/locks/ReentrantReadWriteLock$Sync$HoldCounter
Event: 1939.126 Loading class java/util/concurrent/locks/ReentrantReadWriteLock$Sync$HoldCounter done
Event: 6976.965 Loading class java/util/concurrent/ConcurrentHashMap$EntrySpliterator
Event: 6976.983 Loading class java/util/concurrent/ConcurrentHashMap$EntrySpliterator done
Event: 6981.269 Loading class java/lang/ref/Finalizer$2
Event: 6981.270 Loading class java/lang/ref/Finalizer$2 done
Event: 6981.271 Loading class java/lang/ref/Finalizer$1
Event: 6981.280 Loading class java/lang/ref/Finalizer$1 done
Event: 7016.338 Loading class java/time/DurationEditor
Event: 7016.339 Loading class java/time/DurationEditor done

Classes unloaded (20 events):
Event: 7019.224 Thread 0x0000015b490876c0 Unloading class 0x0000015b4bb10c00 'java/lang/invoke/LambdaForm$MH+0x0000015b4bb10c00'
Event: 7019.225 Thread 0x0000015b490876c0 Unloading class 0x0000015b4b8d0c00 'java/lang/invoke/LambdaForm$MH+0x0000015b4b8d0c00'
Event: 7019.225 Thread 0x0000015b490876c0 Unloading class 0x0000015b4b580c00 'java/lang/invoke/LambdaForm$MH+0x0000015b4b580c00'
Event: 7019.225 Thread 0x0000015b490876c0 Unloading class 0x0000015b4b580400 'java/lang/invoke/LambdaForm$MH+0x0000015b4b580400'
Event: 7019.225 Thread 0x0000015b490876c0 Unloading class 0x0000015b4b533c00 'java/lang/invoke/LambdaForm$MH+0x0000015b4b533c00'
Event: 7019.225 Thread 0x0000015b490876c0 Unloading class 0x0000015b4b533800 'java/lang/invoke/LambdaForm$MH+0x0000015b4b533800'
Event: 7019.225 Thread 0x0000015b490876c0 Unloading class 0x0000015b4b4e4c00 'java/lang/invoke/LambdaForm$MH+0x0000015b4b4e4c00'
Event: 7019.225 Thread 0x0000015b490876c0 Unloading class 0x0000015b4b4c3000 'java/lang/invoke/LambdaForm$MH+0x0000015b4b4c3000'
Event: 7019.225 Thread 0x0000015b490876c0 Unloading class 0x0000015b4b4c2800 'java/lang/invoke/LambdaForm$MH+0x0000015b4b4c2800'
Event: 7019.226 Thread 0x0000015b490876c0 Unloading class 0x0000015b4b4c1800 'java/lang/invoke/LambdaForm$MH+0x0000015b4b4c1800'
Event: 7019.226 Thread 0x0000015b490876c0 Unloading class 0x0000015b4b4c1000 'java/lang/invoke/LambdaForm$MH+0x0000015b4b4c1000'
Event: 7019.226 Thread 0x0000015b490876c0 Unloading class 0x0000015b4b4ac800 'java/lang/invoke/LambdaForm$MH+0x0000015b4b4ac800'
Event: 7019.226 Thread 0x0000015b490876c0 Unloading class 0x0000015b4b498800 'java/lang/invoke/LambdaForm$MH+0x0000015b4b498800'
Event: 7019.226 Thread 0x0000015b490876c0 Unloading class 0x0000015b4b480000 'java/lang/invoke/LambdaForm$MH+0x0000015b4b480000'
Event: 7019.226 Thread 0x0000015b490876c0 Unloading class 0x0000015b4b47c400 'java/lang/invoke/LambdaForm$MH+0x0000015b4b47c400'
Event: 7019.226 Thread 0x0000015b490876c0 Unloading class 0x0000015b4b28c000 'java/lang/invoke/LambdaForm$MH+0x0000015b4b28c000'
Event: 7019.226 Thread 0x0000015b490876c0 Unloading class 0x0000015b4b25c400 'java/lang/invoke/LambdaForm$MH+0x0000015b4b25c400'
Event: 7019.226 Thread 0x0000015b490876c0 Unloading class 0x0000015b4b1a1400 'java/lang/invoke/LambdaForm$MH+0x0000015b4b1a1400'
Event: 7019.226 Thread 0x0000015b490876c0 Unloading class 0x0000015b4b0c2c00 'java/lang/invoke/LambdaForm$MH+0x0000015b4b0c2c00'
Event: 7019.226 Thread 0x0000015b490876c0 Unloading class 0x0000015b4b000400 'java/lang/invoke/LambdaForm$MH+0x0000015b4b000400'

Classes redefined (0 events):
No events

Internal exceptions (20 events):
Event: 7036.076 Thread 0x0000015b9829bea0 Exception <a 'java/io/FileNotFoundException'{0x0000000095ffa8c0}> (0x0000000095ffa8c0) 
thrown [s\src\hotspot\share\prims\jni.cpp, line 520]
Event: 7037.527 Thread 0x0000015b9829bea0 Exception <a 'java/io/FileNotFoundException'{0x0000000095e85ae8}> (0x0000000095e85ae8) 
thrown [s\src\hotspot\share\prims\jni.cpp, line 520]
Event: 7038.374 Thread 0x0000015b9829a460 Exception <a 'sun/nio/fs/WindowsException'{0x0000000093894270}> (0x0000000093894270) 
thrown [s\src\hotspot\share\prims\jni.cpp, line 520]
Event: 7038.374 Thread 0x0000015b9829a460 Exception <a 'sun/nio/fs/WindowsException'{0x0000000093895060}> (0x0000000093895060) 
thrown [s\src\hotspot\share\prims\jni.cpp, line 520]
Event: 7038.375 Thread 0x0000015b9829a460 Exception <a 'sun/nio/fs/WindowsException'{0x0000000093899a28}> (0x0000000093899a28) 
thrown [s\src\hotspot\share\prims\jni.cpp, line 520]
Event: 7038.375 Thread 0x0000015b9829a460 Exception <a 'sun/nio/fs/WindowsException'{0x000000009389a818}> (0x000000009389a818) 
thrown [s\src\hotspot\share\prims\jni.cpp, line 520]
Event: 7038.375 Thread 0x0000015b9829a460 Exception <a 'sun/nio/fs/WindowsException'{0x000000009389b868}> (0x000000009389b868) 
thrown [s\src\hotspot\share\prims\jni.cpp, line 520]
Event: 7038.375 Thread 0x0000015b9829a460 Exception <a 'sun/nio/fs/WindowsException'{0x000000009389c658}> (0x000000009389c658) 
thrown [s\src\hotspot\share\prims\jni.cpp, line 520]
Event: 7038.375 Thread 0x0000015b9829a460 Exception <a 'sun/nio/fs/WindowsException'{0x000000009389e4a8}> (0x000000009389e4a8) 
thrown [s\src\hotspot\share\prims\jni.cpp, line 520]
Event: 7038.375 Thread 0x0000015b9829a460 Exception <a 'sun/nio/fs/WindowsException'{0x000000009389f298}> (0x000000009389f298) 
thrown [s\src\hotspot\share\prims\jni.cpp, line 520]
Event: 7038.375 Thread 0x0000015b9829a460 Exception <a 'sun/nio/fs/WindowsException'{0x00000000938a0678}> (0x00000000938a0678) 
thrown [s\src\hotspot\share\prims\jni.cpp, line 520]
Event: 7038.375 Thread 0x0000015b9829a460 Exception <a 'sun/nio/fs/WindowsException'{0x00000000938a1468}> (0x00000000938a1468) 
thrown [s\src\hotspot\share\prims\jni.cpp, line 520]
Event: 7038.376 Thread 0x0000015b9829a460 Exception <a 'sun/nio/fs/WindowsException'{0x00000000938a3ec0}> (0x00000000938a3ec0) 
thrown [s\src\hotspot\share\prims\jni.cpp, line 520]
Event: 7038.376 Thread 0x0000015b9829a460 Exception <a 'sun/nio/fs/WindowsException'{0x00000000938a4cb0}> (0x00000000938a4cb0) 
thrown [s\src\hotspot\share\prims\jni.cpp, line 520]
Event: 7038.376 Thread 0x0000015b9829a460 Exception <a 'sun/nio/fs/WindowsException'{0x00000000938ace88}> (0x00000000938ace88) 
thrown [s\src\hotspot\share\prims\jni.cpp, line 520]
Event: 7038.376 Thread 0x0000015b9829a460 Exception <a 'sun/nio/fs/WindowsException'{0x00000000938adc78}> (0x00000000938adc78) 
thrown [s\src\hotspot\share\prims\jni.cpp, line 520]
Event: 7038.936 Thread 0x0000015b9829bea0 Exception <a 'java/io/FileNotFoundException'{0x0000000096691528}> (0x0000000096691528) 
thrown [s\src\hotspot\share\prims\jni.cpp, line 520]
Event: 7040.358 Thread 0x0000015b9829bea0 Exception <a 'java/io/FileNotFoundException'{0x00000000918a1508}> (0x00000000918a1508) 
thrown [s\src\hotspot\share\prims\jni.cpp, line 520]
Event: 7185.211 Thread 0x0000015b982990b0 Exception <a 'java/lang/InterruptedException'{0x0000000095abca48}: sleep interrupted> (0x0000000095abca48) 
thrown [s\src\hotspot\share\prims\jvm.cpp, line 3074]
Event: 7186.512 Thread 0x0000015b9829c530 Exception <a 'java/lang/InterruptedException'{0x0000000095791b50}: sleep interrupted> (0x0000000095791b50) 
thrown [s\src\hotspot\share\prims\jvm.cpp, line 3074]

ZGC Phase Switch (0 events):
No events

VM Operations (20 events):
Event: 7033.510 Executing VM operation: Cleanup done
Event: 7034.990 Executing VM operation: HandshakeAllThreads (HandshakeForDeflation)
Event: 7034.990 Executing VM operation: HandshakeAllThreads (HandshakeForDeflation) done
Event: 7034.990 Executing VM operation: Cleanup
Event: 7034.990 Executing VM operation: Cleanup done
Event: 7034.990 Executing VM operation: RendezvousGCThreads
Event: 7034.990 Executing VM operation: RendezvousGCThreads done
Event: 7038.793 Executing VM operation: G1CollectForAllocation (G1 Evacuation Pause)
Event: 7038.806 Executing VM operation: G1CollectForAllocation (G1 Evacuation Pause) done
Event: 7039.818 Executing VM operation: Cleanup
Event: 7039.818 Executing VM operation: Cleanup done
Event: 7095.235 Executing VM operation: HandshakeAllThreads (HandshakeForDeflation)
Event: 7095.235 Executing VM operation: HandshakeAllThreads (HandshakeForDeflation) done
Event: 7095.235 Executing VM operation: RendezvousGCThreads
Event: 7095.235 Executing VM operation: RendezvousGCThreads done
Event: 7095.882 Executing VM operation: G1CollectForAllocation (G1 Evacuation Pause)
Event: 7095.893 Executing VM operation: G1CollectForAllocation (G1 Evacuation Pause) done
Event: 7185.635 Executing VM operation: Cleanup
Event: 7185.731 Executing VM operation: Cleanup done
Event: 7186.519 Executing VM operation: G1CollectFull (System.gc())

Memory protections (0 events):
No events

Nmethod flushes (20 events):
Event: 7020.132 Thread 0x0000015b490876c0 flushing  nmethod 0x0000015b426d9990
Event: 7020.132 Thread 0x0000015b490876c0 flushing  nmethod 0x0000015b426da290
Event: 7020.132 Thread 0x0000015b490876c0 flushing  nmethod 0x0000015b426daa10
Event: 7020.132 Thread 0x0000015b490876c0 flushing  nmethod 0x0000015b426db110
Event: 7020.132 Thread 0x0000015b490876c0 flushing  nmethod 0x0000015b426db490
Event: 7020.132 Thread 0x0000015b490876c0 flushing  nmethod 0x0000015b4270d610
Event: 7020.132 Thread 0x0000015b490876c0 flushing  nmethod 0x0000015b4270f390
Event: 7020.132 Thread 0x0000015b490876c0 flushing  nmethod 0x0000015b4270fd90
Event: 7020.132 Thread 0x0000015b490876c0 flushing  nmethod 0x0000015b42715490
Event: 7020.132 Thread 0x0000015b490876c0 flushing  nmethod 0x0000015b42750390
Event: 7020.132 Thread 0x0000015b490876c0 flushing  nmethod 0x0000015b42751710
Event: 7020.132 Thread 0x0000015b490876c0 flushing  nmethod 0x0000015b42751d10
Event: 7020.132 Thread 0x0000015b490876c0 flushing  nmethod 0x0000015b42753310
Event: 7020.132 Thread 0x0000015b490876c0 flushing  nmethod 0x0000015b42753e10
Event: 7020.132 Thread 0x0000015b490876c0 flushing  nmethod 0x0000015b42754190
Event: 7020.132 Thread 0x0000015b490876c0 flushing  nmethod 0x0000015b42755690
Event: 7020.132 Thread 0x0000015b490876c0 flushing  nmethod 0x0000015b42759e90
Event: 7020.132 Thread 0x0000015b490876c0 flushing  nmethod 0x0000015b4275b510
Event: 7020.132 Thread 0x0000015b490876c0 flushing  nmethod 0x0000015b4275b890
Event: 7020.132 Thread 0x0000015b490876c0 flushing  nmethod 0x0000015b4275d310

Events (20 events):
Event: 7185.230 Thread 0x0000015b98ad4d40 Thread exited: 0x0000015b98ad4d40
Event: 7185.230 Thread 0x0000015b98ad60f0 Thread exited: 0x0000015b98ad60f0
Event: 7185.230 Thread 0x0000015b98ad4020 Thread exited: 0x0000015b98ad4020
Event: 7185.230 Thread 0x0000015b98ada290 Thread added: 0x0000015b98ad4d40
Event: 7185.230 Thread 0x0000015b98ada920 Thread exited: 0x0000015b98ada920
Event: 7185.231 Thread 0x0000015b98ad6e10 Thread added: 0x0000015b98ad7b30
Event: 7185.231 Thread 0x0000015b98ad9570 Thread exited: 0x0000015b98ad9570
Event: 7185.231 Thread 0x0000015b98ad6780 Thread exited: 0x0000015b98ad6780
Event: 7185.231 Thread 0x0000015b98ad6e10 Thread exited: 0x0000015b98ad6e10
Event: 7185.231 Thread 0x0000015b98adafb0 Thread exited: 0x0000015b98adafb0
Event: 7185.231 Thread 0x0000015b98ad8850 Thread exited: 0x0000015b98ad8850
Event: 7185.232 Thread 0x0000015b98ad8ee0 Thread exited: 0x0000015b98ad8ee0
Event: 7185.232 Thread 0x0000015b98ad4d40 Thread exited: 0x0000015b98ad4d40
Event: 7185.351 Thread 0x0000015b98ada290 Thread added: 0x0000015b98ad60f0
Event: 7185.359 Thread 0x0000015b9829b810 Thread exited: 0x0000015b9829b810
Event: 7185.400 Thread 0x0000015b98ad60f0 Thread exited: 0x0000015b98ad60f0
Event: 7186.243 Thread 0x0000015b98ad7b30 Thread exited: 0x0000015b98ad7b30
Event: 7186.511 Thread 0x0000015b9829b180 Thread exited: 0x0000015b9829b180
Event: 7186.512 Thread 0x0000015b98299740 Thread exited: 0x0000015b98299740
Event: 7186.512 Thread 0x0000015b9829c530 Thread exited: 0x0000015b9829c530


Dynamic libraries:
0x00007ff7a7ea0000 - 0x00007ff7a7eae000 	C:\Users\USER\.jdks\ms-21.0.7\bin\java.exe
0x00007ffe71ba0000 - 0x00007ffe71e07000 	C:\WINDOWS\SYSTEM32\ntdll.dll
0x00007ffe703e0000 - 0x00007ffe704a9000 	C:\WINDOWS\System32\KERNEL32.DLL
0x00007ffe6f350000 - 0x00007ffe6f73f000 	C:\WINDOWS\System32\KERNELBASE.dll
0x00007ffe6f110000 - 0x00007ffe6f25b000 	C:\WINDOWS\System32\ucrtbase.dll
0x00007ffe69ba0000 - 0x00007ffe69bbd000 	C:\Users\USER\.jdks\ms-21.0.7\bin\VCRUNTIME140.dll
0x00007ffe69bc0000 - 0x00007ffe69bd8000 	C:\Users\USER\.jdks\ms-21.0.7\bin\jli.dll
0x00007ffe70070000 - 0x00007ffe70235000 	C:\WINDOWS\System32\USER32.dll
0x00007ffe54c30000 - 0x00007ffe54ec3000 	C:\WINDOWS\WinSxS\amd64_microsoft.windows.common-controls_6595b64144ccf1df_6.0.26100.7309_none_3e05feeae336a044\COMCTL32.dll
0x00007ffe6f320000 - 0x00007ffe6f347000 	C:\WINDOWS\System32\win32u.dll
0x00007ffe6f9e0000 - 0x00007ffe6fa89000 	C:\WINDOWS\System32\msvcrt.dll
0x00007ffe6fb90000 - 0x00007ffe6fbbb000 	C:\WINDOWS\System32\GDI32.dll
0x00007ffe6ee60000 - 0x00007ffe6ef8c000 	C:\WINDOWS\System32\gdi32full.dll
0x00007ffe6f7e0000 - 0x00007ffe6f883000 	C:\WINDOWS\System32\msvcp_win.dll
0x00007ffe6fe50000 - 0x00007ffe6fe81000 	C:\WINDOWS\System32\IMM32.DLL
0x00007ffe69b90000 - 0x00007ffe69b9c000 	C:\Users\USER\.jdks\ms-21.0.7\bin\vcruntime140_1.dll
0x00007ffe121b0000 - 0x00007ffe1223d000 	C:\Users\USER\.jdks\ms-21.0.7\bin\msvcp140.dll
0x00007ffdfa410000 - 0x00007ffdfb1a8000 	C:\Users\USER\.jdks\ms-21.0.7\bin\server\jvm.dll
0x00007ffe71620000 - 0x00007ffe716d4000 	C:\WINDOWS\System32\ADVAPI32.dll
0x00007ffe70990000 - 0x00007ffe70a36000 	C:\WINDOWS\System32\sechost.dll
0x00007ffe6fd30000 - 0x00007ffe6fe48000 	C:\WINDOWS\System32\RPCRT4.dll
0x00007ffe6fc30000 - 0x00007ffe6fca4000 	C:\WINDOWS\System32\WS2_32.dll
0x00007ffe6eb50000 - 0x00007ffe6ebae000 	C:\WINDOWS\SYSTEM32\POWRPROF.dll
0x00007ffe66ca0000 - 0x00007ffe66cd5000 	C:\WINDOWS\SYSTEM32\WINMM.dll
0x00007ffe66ce0000 - 0x00007ffe66ceb000 	C:\WINDOWS\SYSTEM32\VERSION.dll
0x00007ffe6eb30000 - 0x00007ffe6eb44000 	C:\WINDOWS\SYSTEM32\UMPDC.dll
0x00007ffe6daa0000 - 0x00007ffe6dabb000 	C:\WINDOWS\SYSTEM32\kernel.appcore.dll
0x00007ffe639a0000 - 0x00007ffe639aa000 	C:\Users\USER\.jdks\ms-21.0.7\bin\jimage.dll
0x00007ffe616c0000 - 0x00007ffe61902000 	C:\WINDOWS\SYSTEM32\DBGHELP.DLL
0x00007ffe717d0000 - 0x00007ffe71b56000 	C:\WINDOWS\System32\combase.dll
0x00007ffe716e0000 - 0x00007ffe717b6000 	C:\WINDOWS\System32\OLEAUT32.dll
0x00007ffe50520000 - 0x00007ffe5055c000 	C:\WINDOWS\SYSTEM32\dbgcore.DLL
0x00007ffe6f890000 - 0x00007ffe6f935000 	C:\WINDOWS\System32\bcryptPrimitives.dll
0x00007ffe51340000 - 0x00007ffe5134f000 	C:\Users\USER\.jdks\ms-21.0.7\bin\instrument.dll
0x00007ffe51390000 - 0x00007ffe513b0000 	C:\Users\USER\.jdks\ms-21.0.7\bin\java.dll
0x00007ffe70ad0000 - 0x00007ffe71223000 	C:\WINDOWS\System32\SHELL32.dll
0x00007ffe6ecf0000 - 0x00007ffe6ee5a000 	C:\WINDOWS\System32\wintypes.dll
0x00007ffe6c8c0000 - 0x00007ffe6d11e000 	C:\WINDOWS\SYSTEM32\windows.storage.dll
0x00007ffe6fea0000 - 0x00007ffe6ff95000 	C:\WINDOWS\System32\SHCORE.dll
0x00007ffe6fbc0000 - 0x00007ffe6fc26000 	C:\WINDOWS\System32\shlwapi.dll
0x00007ffe6ec10000 - 0x00007ffe6ec39000 	C:\WINDOWS\SYSTEM32\profapi.dll
0x00007ffe51350000 - 0x00007ffe51368000 	C:\Users\USER\.jdks\ms-21.0.7\bin\zip.dll
0x00007ffe517f0000 - 0x00007ffe51800000 	C:\Users\USER\.jdks\ms-21.0.7\bin\net.dll
0x00007ffe684f0000 - 0x00007ffe68618000 	C:\WINDOWS\SYSTEM32\WINHTTP.dll
0x00007ffe6e010000 - 0x00007ffe6e07b000 	C:\WINDOWS\system32\mswsock.dll
0x00007ffe51370000 - 0x00007ffe51386000 	C:\Users\USER\.jdks\ms-21.0.7\bin\nio.dll
0x00007ffe6d560000 - 0x00007ffe6d68c000 	C:\WINDOWS\SYSTEM32\DNSAPI.dll
0x00007ffe6d4c0000 - 0x00007ffe6d4f4000 	C:\WINDOWS\SYSTEM32\IPHLPAPI.DLL
0x00007ffe71580000 - 0x00007ffe7158a000 	C:\WINDOWS\System32\NSI.dll
0x00007ffe16800000 - 0x00007ffe16809000 	C:\Users\USER\.jdks\ms-21.0.7\bin\extnet.dll
0x00007ffe63f10000 - 0x00007ffe63f1b000 	C:\Windows\System32\rasadhlp.dll
0x00007ffe688f0000 - 0x00007ffe68976000 	C:\WINDOWS\System32\fwpuclnt.dll
0x00007ffe167f0000 - 0x00007ffe167fa000 	C:\Users\USER\.jdks\ms-21.0.7\bin\management.dll
0x00007ffe16720000 - 0x00007ffe1672b000 	C:\Users\USER\.jdks\ms-21.0.7\bin\management_ext.dll
0x00007ffe717c0000 - 0x00007ffe717c8000 	C:\WINDOWS\System32\PSAPI.DLL
0x00007ffe6e2e0000 - 0x00007ffe6e2fb000 	C:\WINDOWS\SYSTEM32\CRYPTSP.dll
0x00007ffe6da00000 - 0x00007ffe6da3a000 	C:\WINDOWS\system32\rsaenh.dll
0x00007ffe6e0c0000 - 0x00007ffe6e0eb000 	C:\WINDOWS\SYSTEM32\USERENV.dll
0x00007ffe6ebe0000 - 0x00007ffe6ec0a000 	C:\WINDOWS\SYSTEM32\bcrypt.dll
0x00007ffe6e2d0000 - 0x00007ffe6e2dc000 	C:\WINDOWS\SYSTEM32\CRYPTBASE.dll
0x00007ffe4b9f0000 - 0x00007ffe4ba08000 	C:\WINDOWS\system32\napinsp.dll
0x00007ffe4b9d0000 - 0x00007ffe4b9e2000 	C:\WINDOWS\System32\winrnr.dll
0x00007ffe4aea0000 - 0x00007ffe4aec2000 	C:\WINDOWS\system32\nlansp_c.dll
0x00007ffe63b20000 - 0x00007ffe63b36000 	C:\WINDOWS\system32\wshbth.dll
0x00007ffe57f90000 - 0x00007ffe57fe6000 	C:\WINDOWS\SYSTEM32\pdh.dll
0x00007ffe4ac40000 - 0x00007ffe4ac52000 	C:\WINDOWS\System32\perfproc.dll
0x00007ffe51220000 - 0x00007ffe5122e000 	C:\Users\USER\.jdks\ms-21.0.7\bin\sunmscapi.dll
0x00007ffe6ef90000 - 0x00007ffe6f107000 	C:\WINDOWS\System32\CRYPT32.dll
0x00007ffe6e4f0000 - 0x00007ffe6e520000 	C:\WINDOWS\SYSTEM32\ncrypt.dll
0x00007ffe6e4a0000 - 0x00007ffe6e4df000 	C:\WINDOWS\SYSTEM32\NTASN1.dll
0x00007ffe68670000 - 0x00007ffe6868e000 	C:\WINDOWS\SYSTEM32\dhcpcsvc6.DLL
0x00007ffe68640000 - 0x00007ffe68663000 	C:\WINDOWS\SYSTEM32\dhcpcsvc.DLL
0x00007ffe6bc80000 - 0x00007ffe6bc88000 	C:\WINDOWS\system32\wshunix.dll

dbghelp: loaded successfully - version: 4.0.5 - missing functions: none
symbol engine: initialized successfully - sym options: 0x614 - pdb path: .;C:\Users\USER\.jdks\ms-21.0.7\bin;C:\WINDOWS\SYSTEM32;C:\WINDOWS\WinSxS\amd64_microsoft.windows.common-controls_6595b64144ccf1df_6.0.26100.7309_none_3e05feeae336a044;C:\Users\USER\.jdks\ms-21.0.7\bin\server

VM Arguments:
jvm_args: -XX:TieredStopAtLevel=1 -Dspring.output.ansi.enabled=always -Dcom.sun.management.jmxremote -Dspring.jmx.enabled=true -Dspring.liveBeansView.mbeanDomain -Dspring.application.admin.enabled=true -Dmanagement.endpoints.jmx.exposure.include=* -javaagent:C:\Program Files\JetBrains\IntelliJ IDEA 2025.1\lib\idea_rt.jar=61859 -Dfile.encoding=UTF-8 -Dsun.stdout.encoding=UTF-8 -Dsun.stderr.encoding=UTF-8 
java_command: com.example.FabriqBackend.FabriqBackendApplication
java_class_path (initial): C:\Users\USER\Downloads\HiruSandu\FabriqBackend\target\classes;C:\Users\USER\.m2\repository\org\springframework\boot\spring-boot-starter-data-jpa\3.5.7\spring-boot-starter-data-jpa-3.5.7.jar;C:\Users\USER\.m2\repository\org\springframework\boot\spring-boot-starter\3.5.7\spring-boot-starter-3.5.7.jar;C:\Users\USER\.m2\repository\org\springframework\boot\spring-boot-starter-logging\3.5.7\spring-boot-starter-logging-3.5.7.jar;C:\Users\USER\.m2\repository\ch\qos\logback\logback-classic\1.5.20\logback-classic-1.5.20.jar;C:\Users\USER\.m2\repository\ch\qos\logback\logback-core\1.5.20\logback-core-1.5.20.jar;C:\Users\USER\.m2\repository\org\apache\logging\log4j\log4j-to-slf4j\2.24.3\log4j-to-slf4j-2.24.3.jar;C:\Users\USER\.m2\repository\org\apache\logging\log4j\log4j-api\2.24.3\log4j-api-2.24.3.jar;C:\Users\USER\.m2\repository\org\slf4j\jul-to-slf4j\2.0.17\jul-to-slf4j-2.0.17.jar;C:\Users\USER\.m2\repository\jakarta\annotation\jakarta.annotation-api\2.1.1\jakarta.annotation-api-2.1.1.jar;C:\Users\USER\.m2\repository\org\yaml\snakeyaml\2.4\snakeyaml-2.4.jar;C:\Users\USER\.m2\repository\org\springframework\boot\spring-boot-starter-jdbc\3.5.7\spring-boot-starter-jdbc-3.5.7.jar;C:\Users\USER\.m2\repository\com\zaxxer\HikariCP\6.3.3\HikariCP-6.3.3.jar;C:\Users\USER\.m2\repository\org\springframework\spring-jdbc\6.2.12\spring-jdbc-6.2.12.jar;C:\Users\USER\.m2\repository\org\hibernate\orm\hibernate-core\6.6.33.Final\hibernate-core-6.6.33.Final.jar;C:\Users\USER\.m2\repository\jakarta\persistence\jakarta.persistence-api\3.1.0\jakarta.persistence-api-3.1.0.jar;C:\Users\USER\.m2\repository\jakarta\transaction\jakarta.transaction-api\2.0.1\jakarta.transaction-api-2.0.1.jar;C:\Users\USER\.m2\repository\org\jboss\logging\jboss-logging\3.6.1.Final\jboss-logging-3.6.1.Final.jar;C:\Users\USER\.m2\repository\org\hibernate\common\hibernate-commons-annotations\7.0.3.Final\hibernate-commons-annotations-7.0.3.Final.jar;C:\Users\USER\.m2\repository\io\smallrye\jandex\3.2.0\jandex-3.2.0.jar;C:\Users\USER\.m2\repository\com\fasterxml\classmate\1.7.1\classmate-1.7.1.jar;C:\Users\USER\.m2\repository\net\bytebuddy\byte-buddy\1.17.8\byte-buddy-1.17.8.jar;C:\Users\USER\.m2\repository\org\glassfish\jaxb\jaxb-runtime\4.0.6\jaxb-runtime-4.0.6.jar;C:\Users\USER\.m2\repository\org\glassfish\jaxb\jaxb-core\4.0.6\jaxb-core-4.0.6.jar;C:\Users\USER\.m2\repository\org\eclipse\angus\angus-activation\2.0.3\angus-activation-2.0.3.jar;C:\Users\USER\.m2\repository\org\glassfish\jaxb\txw2\4.0.6\txw2-4.0.6.jar;C:\Users\USER\.m2\repository\com\sun\istack\istack-commons-runtime\4.1.2\istack-commons-runtime-4.1.2.jar;C:\Users\USER\.m2\repository\jakarta\inject\jakarta.inject-api\2.0.1\jakarta.inject-api-2.0.1.jar;C:\Users\USER\.m2\repository\org\antlr\antlr4-runtime\4.13.0\antlr4-runtime-4.13.0.jar;C:\Users\USER\.m2\repository\org\springframework\data\spring-data-jpa\3.5.5\spring-data-jpa-3.5.5.jar;C:\Users\USER\.m2\repository\org\springframework\data\spring-data-commons\3.5.5\spring-data-commons-3.5.5.jar;C:\Users\USER\.m2\repository\org\springframework\spring-orm\6.2.12\spring-orm-6.2.12.jar;C:\Users\USER\.m2\repository\org\springframework\spring-beans\6.2.12\spring-beans-6.2.12.jar;C:\Users\USER\.m2\repository\org\slf4j\slf4j-api\2.0.17\slf4j-api-2.0.17.jar;C:\Users\USER\.m2\repository\org\springframework\spring-aspects\6.2.12\spring-aspects-6.2.12.jar;C:\Users\USER\.m2\repository\org\aspectj\aspectjweaver\1.9.24\aspectjweaver-1.9.24.jar;C:\Users\USER\.m2\repository\org\springframework\boot\spring-boot-starter-websocket\3.5.7\spring-boot-starter-websocket-3.5.7.jar;C:\Users\USER\.m2\repository\org\springframework\spring-messaging\6.2.12\spring-messaging-6.2.12.jar;C:\Users\USER\.m2\repository\org\springframework\spring-websocket\6.2.12\spring-websocket-6.2.12.jar;C:\Users\USER\.m2\repository\org\springframework\boot\spring-boot-starter-data-redis\3.5.7\spring-boot-starter-data-redis-3.5.7.jar;C:\Users\USER\.m2\repository\io\lettuce\lettuce-core\6.6.0.RELEASE\lettuce-core-6.6.0.RELEASE.jar;C:\Users\USER\.m2\repository\redis\clients\authentication\redis-authx-core\0.1.1-beta2\redis-authx-core-0.1.1-beta2.jar;C:\Users\USER\.m2\repository\io\netty\netty-common\4.1.128.Final\netty-common-4.1.128.Final.jar;C:\Users\USER\.m2\repository\io\netty\netty-handler\4.1.128.Final\netty-handler-4.1.128.Final.jar;C:\Users\USER\.m2\repository\io\netty\netty-resolver\4.1.128.Final\netty-resolver-4.1.128.Final.jar;C:\Users\USER\.m2\repository\io\netty\netty-transport-native-unix-common\4.1.128.Final\netty-transport-native-unix-common-4.1.128.Final.jar;C:\Users\USER\.m2\repository\io\netty\netty-transport\4.1.128.Final\netty-transport-4.1.128.Final.jar;C:\Users\USER\.m2\repository\io\projectreactor\reactor-core\3.7.12\reactor-core-3.7.12.jar;C:\Users\USER\.m2\repository\org\springframework\data\spring-data-redis\3.5.5\spring-data-redis-3.5.5.jar;C:\Users\USER\.m2\repository\org\springframework\data\spring-data-keyvalue\3.5.5\spring-data-keyvalue-3.5.5.jar;C:\Users\USER\.m2\repository\org\springframework\spring-oxm\6.2.12\spring-oxm-6.2.12.jar;C:\Users\USER\.m2\repository\org\springframework\spring-context-support\6.2.12\spring-context-support-6.2.12.jar;C:\Users\USER\.m2\repository\org\springframework\boot\spring-boot-starter-thymeleaf\3.5.7\spring-boot-starter-thymeleaf-3.5.7.jar;C:\Users\USER\.m2\repository\org\thymeleaf\thymeleaf-spring6\3.1.3.RELEASE\thymeleaf-spring6-3.1.3.RELEASE.jar;C:\Users\USER\.m2\repository\org\thymeleaf\thymeleaf\3.1.3.RELEASE\thymeleaf-3.1.3.RELEASE.jar;C:\Users\USER\.m2\repository\org\attoparser\attoparser\2.0.7.RELEASE\attoparser-2.0.7.RELEASE.jar;C:\Users\USER\.m2\repository\org\unbescape\unbescape\1.1.6.RELEASE\unbescape-1.1.6.RELEASE.jar;C:\Users\USER\.m2\repository\org\springframework\boot\spring-boot-starter-security\3.5.7\spring-boot-starter-security-3.5.7.jar;C:\Users\USER\.m2\repository\org\springframework\spring-aop\6.2.12\spring-aop-6.2.12.jar;C:\Users\USER\.m2\repository\org\springframework\security\spring-security-config\6.5.6\spring-security-config-6.5.6.jar;C:\Users\USER\.m2\repository\org\springframework\security\spring-security-web\6.5.6\spring-security-web-6.5.6.jar;C:\Users\USER\.m2\repository\org\springframework\spring-expression\6.2.12\spring-expression-6.2.12.jar;C:\Users\USER\.m2\repository\org\springframework\boot\spring-boot-starter-web\3.5.7\spring-boot-starter-web-3.5.7.jar;C:\Users\USER\.m2\repository\org\springframework\boot\spring-boot-starter-json\3.5.7\spring-boot-starter-json-3.5.7.jar;C:\Users\USER\.m2\repository\com\fasterxml\jackson\datatype\jackson-datatype-jdk8\2.19.2\jackson-datatype-jdk8-2.19.2.jar;C:\Users\USER\.m2\repository\com\fasterxml\jackson\module\jackson-module-parameter-names\2.19.2\jackson-module-parameter-names-2.19.2.jar;C:\Users\USER\.m2\repository\org\springframework\boot\spring-boot-starter-tomcat\3.5.7\spring-boot-starter-tomcat-3.5.7.jar;C:\Users\USER\.m2\repository\org\apache\tomcat\embed\tomcat-embed-core\10.1.48\tomcat-embed-core-10.1.48.jar;C:\Users\USER\.m2\repository\org\apache\tomcat\embed\tomcat-embed-el\10.1.48\tomcat-embed-el-10.1.48.jar;C:\Users\USER\.m2\repository\org\apache\tomcat\embed\tomcat-embed-websocket\10.1.48\tomcat-embed-websocket-10.1.48.jar;C:\Users\USER\.m2\repository\org\springframework\spring-web\6.2.12\spring-web-6.2.12.jar;C:\Users\USER\.m2\repository\org\springframework\spring-webmvc\6.2.12\spring-webmvc-6.2.12.jar;C:\Users\USER\.m2\repository\org\springframework\boot\spring-boot-devtools\3.5.7\spring-boot-devtools-3.5.7.jar;C:\Users\USER\.m2\repository\org\springframework\boot\spring-boot\3.5.7\spring-boot-3.5.7.jar;C:\Users\USER\.m2\repository\org\springframework\boot\spring-boot-autoconfigure\3.5.7\spring-boot-autoconfigure-3.5.7.jar;C:\Users\USER\.m2\repository\org\postgresql\postgresql\42.7.8\postgresql-42.7.8.jar;C:\Users\USER\.m2\repository\org\checkerframework\checker-qual\3.49.5\checker-qual-3.49.5.jar;C:\Users\USER\.m2\repository\org\springframework\kafka\spring-kafka\3.3.10\spring-kafka-3.3.10.jar;C:\Users\USER\.m2\repository\org\springframework\spring-context\6.2.12\spring-context-6.2.12.jar;C:\Users\USER\.m2\repository\org\springframework\spring-tx\6.2.12\spring-tx-6.2.12.jar;C:\Users\USER\.m2\repository\org\springframework\retry\spring-retry\2.0.12\spring-retry-2.0.12.jar;C:\Users\USER\.m2\repository\org\apache\kafka\kafka-clients\3.9.1\kafka-clients-3.9.1.jar;C:\Users\USER\.m2\repository\com\github\luben\zstd-jni\1.5.6-4\zstd-jni-1.5.6-4.jar;C:\Users\USER\.m2\repository\org\lz4\lz4-java\1.8.0\lz4-java-1.8.0.jar;C:\Users\USER\.m2\repository\org\xerial\snappy\snappy-java\1.1.10.5\snappy-java-1.1.10.5.jar;C:\Users\USER\.m2\repository\io\micrometer\micrometer-observation\1.15.5\micrometer-observation-1.15.5.jar;C:\Users\USER\.m2\repository\io\micrometer\micrometer-commons\1.15.5\micrometer-commons-1.15.5.jar;C:\Users\USER\.m2\repository\org\projectlombok\lombok\1.18.42\lombok-1.18.42.jar;C:\Users\USER\.m2\repository\jakarta\xml\bind\jakarta.xml.bind-api\4.0.4\jakarta.xml.bind-api-4.0.4.jar;C:\Users\USER\.m2\repository\jakarta\activation\jakarta.activation-api\2.1.4\jakarta.activation-api-2.1.4.jar;C:\Users\USER\.m2\repository\org\springframework\spring-core\6.2.12\spring-core-6.2.12.jar;C:\Users\USER\.m2\repository\org\springframework\spring-jcl\6.2.12\spring-jcl-6.2.12.jar;C:\Users\USER\.m2\repository\software\amazon\awssdk\s3\2.20.26\s3-2.20.26.jar;C:\Users\USER\.m2\repository\software\amazon\awssdk\aws-xml-protocol\2.20.26\aws-xml-protocol-2.20.26.jar;C:\Users\USER\.m2\repository\software\amazon\awssdk\aws-query-protocol\2.20.26\aws-query-protocol-2.20.26.jar;C:\Users\USER\.m2\repository\software\amazon\awssdk\protocol-core\2.20.26\protocol-core-2.20.26.jar;C:\Users\USER\.m2\repository\software\amazon\awssdk\arns\2.20.26\arns-2.20.26.jar;C:\Users\USER\.m2\repository\software\amazon\awssdk\profiles\2.20.26\profiles-2.20.26.jar;C:\Users\USER\.m2\repository\software\amazon\awssdk\sdk-core\2.20.26\sdk-core-2.20.26.jar;C:\Users\USER\.m2\repository\org\reactivestreams\reactive-streams\1.0.4\reactive-streams-1.0.4.jar;C:\Users\USER\.m2\repository\software\amazon\awssdk\auth\2.20.26\auth-2.20.26.jar;C:\Users\USER\.m2\repository\software\amazon\eventstream\eventstream\1.0.1\eventstream-1.0.1.jar;C:\Users\USER\.m2\repository\software\amazon\awssdk\http-client-spi\2.20.26\http-client-spi-2.20.26.jar;C:\Users\USER\.m2\repository\software\amazon\awssdk\regions\2.20.26\regions-2.20.26.jar;C:\Users\USER\.m2\repository\software\amazon\awssdk\annotations\2.20.26\annotations-2.20.26.jar;C:\Users\USER\.m2\repository\software\amazon\awssdk\utils\2.20.26\utils-2.20.26.jar;C:\Users\USER\.m2\repository\software\amazon\awssdk\aws-core\2.20.26\aws-core-2.20.26.jar;C:\Users\USER\.m2\repository\software\amazon\awssdk\metrics-spi\2.20.26\metrics-spi-2.20.26.jar;C:\Users\USER\.m2\repository\software\amazon\awssdk\json-utils\2.20.26\json-utils-2.20.26.jar;C:\Users\USER\.m2\repository\software\amazon\awssdk\third-party-jackson-core\2.20.26\third-party-jackson-core-2.20.26.jar;C:\Users\USER\.m2\repository\software\amazon\awssdk\endpoints-spi\2.20.26\endpoints-spi-2.20.26.jar;C:\Users\USER\.m2\repository\software\amazon\awssdk\apache-client\2.20.26\apache-client-2.20.26.jar;C:\Users\USER\.m2\repository\org\apache\httpcomponents\httpclient\4.5.13\httpclient-4.5.13.jar;C:\Users\USER\.m2\repository\commons-logging\commons-logging\1.2\commons-logging-1.2.jar;C:\Users\USER\.m2\repository\org\apache\httpcomponents\httpcore\4.4.16\httpcore-4.4.16.jar;C:\Users\USER\.m2\repository\commons-codec\commons-codec\1.18.0\commons-codec-1.18.0.jar;C:\Users\USER\.m2\repository\software\amazon\awssdk\netty-nio-client\2.20.26\netty-nio-client-2.20.26.jar;C:\Users\USER\.m2\repository\io\netty\netty-codec-http\4.1.128.Final\netty-codec-http-4.1.128.Final.jar;C:\Users\USER\.m2\repository\io\netty\netty-codec-http2\4.1.128.Final\netty-codec-http2-4.1.128.Final.jar;C:\Users\USER\.m2\repository\io\netty\netty-codec\4.1.128.Final\netty-codec-4.1.128.Final.jar;C:\Users\USER\.m2\repository\io\netty\netty-buffer\4.1.128.Final\netty-buffer-4.1.128.Final.jar;C:\Users\USER\.m2\repository\io\netty\netty-transport-classes-epoll\4.1.128.Final\netty-transport-classes-epoll-4.1.128.Final.jar;C:\Users\USER\.m2\repository\org\springframework\boot\spring-boot-starter-webflux\3.5.7\spring-boot-starter-webflux-3.5.7.jar;C:\Users\USER\.m2\repository\org\springframework\boot\spring-boot-starter-reactor-netty\3.5.7\spring-boot-starter-reactor-netty-3.5.7.jar;C:\Users\USER\.m2\repository\io\projectreactor\netty\reactor-netty-http\1.2.11\reactor-netty-http-1.2.11.jar;C:\Users\USER\.m2\repository\io\netty\netty-resolver-dns\4.1.128.Final\netty-resolver-dns-4.1.128.Final.jar;C:\Users\USER\.m2\repository\io\netty\netty-codec-dns\4.1.128.Final\netty-codec-dns-4.1.128.Final.jar;C:\Users\USER\.m2\repository\io\netty\netty-resolver-dns-native-macos\4.1.128.Final\netty-resolver-dns-native-macos-4.1.128.Final-osx-x86_64.jar;C:\Users\USER\.m2\repository\io\netty\netty-resolver-dns-classes-macos\4.1.128.Final\netty-resolver-dns-classes-macos-4.1.128.Final.jar;C:\Users\USER\.m2\repository\io\netty\netty-transport-native-epoll\4.1.128.Final\netty-transport-native-epoll-4.1.128.Final-linux-x86_64.jar;C:\Users\USER\.m2\repository\io\projectreactor\netty\reactor-netty-core\1.2.11\reactor-netty-core-1.2.11.jar;C:\Users\USER\.m2\repository\io\netty\netty-handler-proxy\4.1.128.Final\netty-handler-proxy-4.1.128.Final.jar;C:\Users\USER\.m2\repository\io\netty\netty-codec-socks\4.1.128.Final\netty-codec-socks-4.1.128.Final.jar;C:\Users\USER\.m2\repository\org\springframework\spring-webflux\6.2.12\spring-webflux-6.2.12.jar;C:\Users\USER\.m2\repository\org\modelmapper\modelmapper\3.1.1\modelmapper-3.1.1.jar;C:\Users\USER\.m2\repository\io\jsonwebtoken\jjwt-api\0.12.6\jjwt-api-0.12.6.jar;C:\Users\USER\.m2\repository\io\jsonwebtoken\jjwt-impl\0.12.6\jjwt-impl-0.12.6.jar;C:\Users\USER\.m2\repository\io\jsonwebtoken\jjwt-jackson\0.12.6\jjwt-jackson-0.12.6.jar;C:\Users\USER\.m2\repository\com\fasterxml\jackson\core\jackson-databind\2.19.2\jackson-databind-2.19.2.jar;C:\Users\USER\.m2\repository\org\springframework\security\spring-security-core\6.5.6\spring-security-core-6.5.6.jar;C:\Users\USER\.m2\repository\org\springframework\security\spring-security-crypto\6.5.6\spring-security-crypto-6.5.6.jar;C:\Users\USER\.m2\repository\org\springdoc\springdoc-openapi-starter-webmvc-ui\2.7.0\springdoc-openapi-starter-webmvc-ui-2.7.0.jar;C:\Users\USER\.m2\repository\org\springdoc\springdoc-openapi-starter-webmvc-api\2.7.0\springdoc-openapi-starter-webmvc-api-2.7.0.jar;C:\Users\USER\.m2\repository\org\springdoc\springdoc-openapi-starter-common\2.7.0\springdoc-openapi-starter-common-2.7.0.jar;C:\Users\USER\.m2\repository\io\swagger\core\v3\swagger-core-jakarta\2.2.25\swagger-core-jakarta-2.2.25.jar;C:\Users\USER\.m2\repository\org\apache\commons\commons-lang3\3.17.0\commons-lang3-3.17.0.jar;C:\Users\USER\.m2\repository\io\swagger\core\v3\swagger-annotations-jakarta\2.2.25\swagger-annotations-jakarta-2.2.25.jar;C:\Users\USER\.m2\repository\io\swagger\core\v3\swagger-models-jakarta\2.2.25\swagger-models-jakarta-2.2.25.jar;C:\Users\USER\.m2\repository\jakarta\validation\jakarta.validation-api\3.0.2\jakarta.validation-api-3.0.2.jar;C:\Users\USER\.m2\repository\com\fasterxml\jackson\dataformat\jackson-dataformat-yaml\2.19.2\jackson-dataformat-yaml-2.19.2.jar;C:\Users\USER\.m2\repository\org\webjars\swagger-ui\5.18.2\swagger-ui-5.18.2.jar;C:\Users\USER\.m2\repository\org\webjars\webjars-locator-lite\1.1.2\webjars-locator-lite-1.1.2.jar;C:\Users\USER\.m2\repository\org\jspecify\jspecify\1.0.0\jspecify-1.0.0.jar;C:\Users\USER\.m2\repository\com\fasterxml\jackson\datatype\jackson-datatype-jsr310\2.19.2\jackson-datatype-jsr310-2.19.2.jar;C:\Users\USER\.m2\repository\com\fasterxml\jackson\core\jackson-annotations\2.19.2\jackson-annotations-2.19.2.jar;C:\Users\USER\.m2\repository\com\fasterxml\jackson\core\jackson-core\2.19.2\jackson-core-2.19.2.jar;C:\Users\USER\.m2\repository\io\github\cdimascio\dotenv-java\3.0.0\dotenv-java-3.0.0.jar
Launcher Type: SUN_STANDARD

[Global flags]
     intx CICompilerCount                          = 4                                         {product} {ergonomic}
     uint ConcGCThreads                            = 3                                         {product} {ergonomic}
     uint G1ConcRefinementThreads                  = 10                                        {product} {ergonomic}
   size_t G1HeapRegionSize                         = 1048576                                   {product} {ergonomic}
    uintx GCDrainStackTargetSize                   = 64                                        {product} {ergonomic}
   size_t InitialHeapSize                          = 123731968                                 {product} {ergonomic}
     bool ManagementServer                         = true                                      {product} {command line}
   size_t MarkStackSize                            = 4194304                                   {product} {ergonomic}
   size_t MaxHeapSize                              = 1967128576                                {product} {ergonomic}
   size_t MaxNewSize                               = 1179648000                                {product} {ergonomic}
   size_t MinHeapDeltaBytes                        = 1048576                                   {product} {ergonomic}
   size_t MinHeapSize                              = 8388608                                   {product} {ergonomic}
    uintx NonNMethodCodeHeapSize                   = 4096                                   {pd product} {ergonomic}
    uintx NonProfiledCodeHeapSize                  = 0                                      {pd product} {ergonomic}
     bool ProfileInterpreter                       = false                                  {pd product} {command line}
    uintx ProfiledCodeHeapSize                     = 0                                      {pd product} {ergonomic}
   size_t SoftMaxHeapSize                          = 1967128576                             {manageable} {ergonomic}
     intx TieredStopAtLevel                        = 1                                         {product} {command line}
     bool UseCompressedOops                        = true                           {product lp64_product} {ergonomic}
     bool UseG1GC                                  = true                                      {product} {ergonomic}
     bool UseLargePagesIndividualAllocation        = false                                  {pd product} {ergonomic}

Logging:
Log output configuration:
 #0: stdout all=warning uptime,level,tags foldmultilines=false
 #1: stderr all=off uptime,level,tags foldmultilines=false

Environment Variables:
JAVA_HOME=C:\Program Files\Java\jdk-23
PATH=C:\Program Files\Eclipse Adoptium\jdk-21.0.6.7-hotspot\bin;C:\Program Files\Common Files\Oracle\Java\javapath;C:\Program Files (x86)\Common Files\Oracle\Java\java8path;C:\Program Files (x86)\Common Files\Oracle\Java\javapath;C:\Program Files\OpenLogic\jdk-11.0.23.9-hotspot\bin;C:\WINDOWS\system32;C:\WINDOWS;C:\WINDOWS\System32\Wbem;C:\WINDOWS\System32\WindowsPowerShell\v1.0\;C:\WINDOWS\System32\OpenSSH\;C:\ProgramData\chocolatey\bin;C:\Program Files (x86)\Microsoft SQL Server\160\Tools\Binn\;C:\Program Files\Microsoft SQL Server\160\Tools\Binn\;C:\Program Files\Microsoft SQL Server\Client SDK\ODBC\170\Tools\Binn\;C:\Program Files\Microsoft SQL Server\160\DTS\Binn\;C:\Program Files\Azure Data Studio\bin;C:\Program Files\Microsoft SQL Server\150\Tools\Binn\;C:\Program Files\HP\HP One Agent;C:\Program Files\Git\cmd;D:\dev\flutter\bin;D:\Desktop_others\Cakes\dart\dart-sdk\bin;C:\Program Files\MySQL\MySQL Server 8.0\bin;C:\WINDOWS\system32;C:\WINDOWS;C:\WINDOWS\System32\Wbem;C:\WINDOWS\System32\WindowsPowerShell\v1.0\;C:\WINDOWS\System32\OpenSSH\;C:\Program Files\Java\jdk-23\bin;D:\Desktop_others\Cakes\dart\.pub-cache\bin;C:\Users\USER\AppData\Local\Pub\Cache\bin;C:\Program Files\CodeBlocks\MinGW\bin;C:\Program Files\nodejs\;C:\Program Files\MATLAB\MATLAB Production Server\R2015a\runtime\win64;C:\Program Files\MATLAB\MATLAB Production Server\R2015a\bin;C:\Program Files\MATLAB\MATLAB Production Server\R2015a\polyspace\bin;C:\Program Files\Docker\Docker\resources\bin;C:\Program Files\MySQL\MySQL Shell 8.0\bin\;C:\Users\USER\AppData\Local\Microsoft\WindowsApps;C:\Program Files\JetBrains\PyCharm Community Edition 2022.3.1\bin;;C:\Users\USER\AppData\Local\Programs\Microsoft VS Code\bin;C:\Program Files\Azure Data Studio\bin;C:\Users\USER\AppData\Local\GitHubDesktop\bin;D:\Desktop_others\Cakes\dart\dart-sdk\bin;search-ms:displayname=Search%20Results%20in%20Programs&crumb=location:C%3A%5CProgramData%5CMicrosoft%5CWindows%5CStart%20Menu%5CPrograms\Node.js;C:\Program Files\OpenLogic\jdk-11.0.23.9-hotspot\bin;C:\dev\flutter\bin;C:\Program Files\CodeBlocks\MinGW\bin;C:\Users\USER\AppData\Roaming\npm;C:\Program Files\JetBrains\IntelliJ IDEA Community Edition 2024.3.5\bin;;C:\Program Files\JetBrains\IntelliJ IDEA 2025.1\bin;
USERNAME=USER
OS=Windows_NT
PROCESSOR_IDENTIFIER=AMD64 Family 23 Model 104 Stepping 1, AuthenticAMD
TMP=C:\Users\USER\AppData\Local\Temp
TEMP=C:\Users\USER\AppData\Local\Temp




Periodic native trim disabled

---------------  S Y S T E M  ---------------

OS:
 Windows 11 , 64 bit Build 26100 (10.0.26100.7623)
OS uptime: 0 days 18:13 hours
Hyper-V role detected

CPU: total 12 (initial active 12) (12 cores per cpu, 2 threads per core) family 23 model 104 stepping 1 microcode 0x8608109, cx8, cmov, fxsr, ht, mmx, 3dnowpref, sse, sse2, sse3, ssse3, sse4a, sse4.1, sse4.2, popcnt, lzcnt, tsc, tscinvbit, avx, avx2, aes, clmul, bmi1, bmi2, adx, sha, fma, vzeroupper, clflush, clflushopt, hv, rdtscp, rdpid, f16c
Processor Information for the first 12 processors :
  Max Mhz: 2100, Current Mhz: 2100, Mhz Limit: 2100

Memory: 4k page, system-wide physical 7501M (329M free)
TotalPageFile size 30029M (AvailPageFile size 100M)
current process WorkingSet (physical memory assigned to process): 54M, peak: 441M
current process commit charge ("private bytes"): 544M, peak: 593M

vm_info: OpenJDK 64-Bit Server VM (21.0.7+6-LTS) for windows-amd64 JRE (21.0.7+6-LTS), built on 2025-04-09T22:17:25Z by "MicrosoftCorporation" with unknown MS VC++:1939

END.
